+ AGENTS=100
+ TASKS=1000
+ KILL_PERCENT=20
+ ./run_fault_tolerance_benchmark.sh
==> Checking docker image: alpine:latest
[INFO] using local image alpine:latest
### BENCH CONFIG
NS=mc
CONTROL_URL=http://127.0.0.1:8080
AGENTS=100
TASKS=1000
HB_SEC=5
TTL_SEC=20
KILL_PERCENT=20
RUNTIME_BEFORE_KILL=60s
POST_KILL_OBSERVE=300s
DOCKER_IMAGE=alpine:latest
Artifacts: bench_artifacts/20251106-235300
==> Starting control @ http://127.0.0.1:8080
==> Using bootstrap: /ip4/127.0.0.1/tcp/34309/p2p/12D3KooWL6rdNAjrDTy3tfkauB67kfD5HkVL85AC6srPLYjV76Ps
==> Spawning 100 agents
agents started: 100
==> Submitting 1000 tasks
  submitted: 100
  submitted: 200
  submitted: 300
  submitted: 400
  submitted: 500
  submitted: 600
  submitted: 700
  submitted: 800
  submitted: 900
  submitted: 1000
==> Sleeping 60s
==> SIGKILL 20/100 agents
./run_fault_tolerance_benchmark.sh: 줄 251: 2091477 죽었음               ( env PATH="${PATH}" HOME="${HOME}" HB_SEC="${HB_SEC}" TTL_SEC="${TTL_SEC}" MC_NS="${NS}" "${EXTRA_ENV[@]}" ./agent -ns "${NS}" -control-url "${CONTROL_URL}" -auth-token "${CONTROL_TOKEN}" -bootstrap "${BOOTSTRAP}" ${AGENT_FLAGS} >> "${LOG}" 2>&1 )
./run_fault_tolerance_benchmark.sh: 줄 251: 2091564 죽었음               ( env PATH="${PATH}" HOME="${HOME}" HB_SEC="${HB_SEC}" TTL_SEC="${TTL_SEC}" MC_NS="${NS}" "${EXTRA_ENV[@]}" ./agent -ns "${NS}" -control-url "${CONTROL_URL}" -auth-token "${CONTROL_TOKEN}" -bootstrap "${BOOTSTRAP}" ${AGENT_FLAGS} >> "${LOG}" 2>&1 )
./run_fault_tolerance_benchmark.sh: 줄 251: 2091825 죽었음               ( env PATH="${PATH}" HOME="${HOME}" HB_SEC="${HB_SEC}" TTL_SEC="${TTL_SEC}" MC_NS="${NS}" "${EXTRA_ENV[@]}" ./agent -ns "${NS}" -control-url "${CONTROL_URL}" -auth-token "${CONTROL_TOKEN}" -bootstrap "${BOOTSTRAP}" ${AGENT_FLAGS} >> "${LOG}" 2>&1 )
./run_fault_tolerance_benchmark.sh: 줄 251: 2092343 죽었음               ( env PATH="${PATH}" HOME="${HOME}" HB_SEC="${HB_SEC}" TTL_SEC="${TTL_SEC}" MC_NS="${NS}" "${EXTRA_ENV[@]}" ./agent -ns "${NS}" -control-url "${CONTROL_URL}" -auth-token "${CONTROL_TOKEN}" -bootstrap "${BOOTSTRAP}" ${AGENT_FLAGS} >> "${LOG}" 2>&1 )
./run_fault_tolerance_benchmark.sh: 줄 251: 2092481 죽었음               ( env PATH="${PATH}" HOME="${HOME}" HB_SEC="${HB_SEC}" TTL_SEC="${TTL_SEC}" MC_NS="${NS}" "${EXTRA_ENV[@]}" ./agent -ns "${NS}" -control-url "${CONTROL_URL}" -auth-token "${CONTROL_TOKEN}" -bootstrap "${BOOTSTRAP}" ${AGENT_FLAGS} >> "${LOG}" 2>&1 )
==> Observing 300s
./run_fault_tolerance_benchmark.sh: 줄 253: 2091351 죽었음               ( env PATH="${PATH}" HOME="${HOME}" HB_SEC="${HB_SEC}" TTL_SEC="${TTL_SEC}" MC_NS="${NS}" "${EXTRA_ENV[@]}" ./agent -ns "${NS}" -control-url "${CONTROL_URL}" -auth-token "${CONTROL_TOKEN}" -bootstrap "${BOOTSTRAP}" ${AGENT_FLAGS} >> "${LOG}" 2>&1 )
./run_fault_tolerance_benchmark.sh: 줄 253: 2091382 죽었음               ( env PATH="${PATH}" HOME="${HOME}" HB_SEC="${HB_SEC}" TTL_SEC="${TTL_SEC}" MC_NS="${NS}" "${EXTRA_ENV[@]}" ./agent -ns "${NS}" -control-url "${CONTROL_URL}" -auth-token "${CONTROL_TOKEN}" -bootstrap "${BOOTSTRAP}" ${AGENT_FLAGS} >> "${LOG}" 2>&1 )
./run_fault_tolerance_benchmark.sh: 줄 253: 2091497 죽었음               ( env PATH="${PATH}" HOME="${HOME}" HB_SEC="${HB_SEC}" TTL_SEC="${TTL_SEC}" MC_NS="${NS}" "${EXTRA_ENV[@]}" ./agent -ns "${NS}" -control-url "${CONTROL_URL}" -auth-token "${CONTROL_TOKEN}" -bootstrap "${BOOTSTRAP}" ${AGENT_FLAGS} >> "${LOG}" 2>&1 )
./run_fault_tolerance_benchmark.sh: 줄 253: 2091519 죽었음               ( env PATH="${PATH}" HOME="${HOME}" HB_SEC="${HB_SEC}" TTL_SEC="${TTL_SEC}" MC_NS="${NS}" "${EXTRA_ENV[@]}" ./agent -ns "${NS}" -control-url "${CONTROL_URL}" -auth-token "${CONTROL_TOKEN}" -bootstrap "${BOOTSTRAP}" ${AGENT_FLAGS} >> "${LOG}" 2>&1 )
./run_fault_tolerance_benchmark.sh: 줄 253: 2091586 죽었음               ( env PATH="${PATH}" HOME="${HOME}" HB_SEC="${HB_SEC}" TTL_SEC="${TTL_SEC}" MC_NS="${NS}" "${EXTRA_ENV[@]}" ./agent -ns "${NS}" -control-url "${CONTROL_URL}" -auth-token "${CONTROL_TOKEN}" -bootstrap "${BOOTSTRAP}" ${AGENT_FLAGS} >> "${LOG}" 2>&1 )
./run_fault_tolerance_benchmark.sh: 줄 253: 2091647 죽었음               ( env PATH="${PATH}" HOME="${HOME}" HB_SEC="${HB_SEC}" TTL_SEC="${TTL_SEC}" MC_NS="${NS}" "${EXTRA_ENV[@]}" ./agent -ns "${NS}" -control-url "${CONTROL_URL}" -auth-token "${CONTROL_TOKEN}" -bootstrap "${BOOTSTRAP}" ${AGENT_FLAGS} >> "${LOG}" 2>&1 )
./run_fault_tolerance_benchmark.sh: 줄 253: 2091779 죽었음               ( env PATH="${PATH}" HOME="${HOME}" HB_SEC="${HB_SEC}" TTL_SEC="${TTL_SEC}" MC_NS="${NS}" "${EXTRA_ENV[@]}" ./agent -ns "${NS}" -control-url "${CONTROL_URL}" -auth-token "${CONTROL_TOKEN}" -bootstrap "${BOOTSTRAP}" ${AGENT_FLAGS} >> "${LOG}" 2>&1 )
./run_fault_tolerance_benchmark.sh: 줄 253: 2091814 죽었음               ( env PATH="${PATH}" HOME="${HOME}" HB_SEC="${HB_SEC}" TTL_SEC="${TTL_SEC}" MC_NS="${NS}" "${EXTRA_ENV[@]}" ./agent -ns "${NS}" -control-url "${CONTROL_URL}" -auth-token "${CONTROL_TOKEN}" -bootstrap "${BOOTSTRAP}" ${AGENT_FLAGS} >> "${LOG}" 2>&1 )
./run_fault_tolerance_benchmark.sh: 줄 253: 2091944 죽었음               ( env PATH="${PATH}" HOME="${HOME}" HB_SEC="${HB_SEC}" TTL_SEC="${TTL_SEC}" MC_NS="${NS}" "${EXTRA_ENV[@]}" ./agent -ns "${NS}" -control-url "${CONTROL_URL}" -auth-token "${CONTROL_TOKEN}" -bootstrap "${BOOTSTRAP}" ${AGENT_FLAGS} >> "${LOG}" 2>&1 )
./run_fault_tolerance_benchmark.sh: 줄 253: 2092155 죽었음               ( env PATH="${PATH}" HOME="${HOME}" HB_SEC="${HB_SEC}" TTL_SEC="${TTL_SEC}" MC_NS="${NS}" "${EXTRA_ENV[@]}" ./agent -ns "${NS}" -control-url "${CONTROL_URL}" -auth-token "${CONTROL_TOKEN}" -bootstrap "${BOOTSTRAP}" ${AGENT_FLAGS} >> "${LOG}" 2>&1 )
./run_fault_tolerance_benchmark.sh: 줄 253: 2092179 죽었음               ( env PATH="${PATH}" HOME="${HOME}" HB_SEC="${HB_SEC}" TTL_SEC="${TTL_SEC}" MC_NS="${NS}" "${EXTRA_ENV[@]}" ./agent -ns "${NS}" -control-url "${CONTROL_URL}" -auth-token "${CONTROL_TOKEN}" -bootstrap "${BOOTSTRAP}" ${AGENT_FLAGS} >> "${LOG}" 2>&1 )
./run_fault_tolerance_benchmark.sh: 줄 253: 2092296 죽었음               ( env PATH="${PATH}" HOME="${HOME}" HB_SEC="${HB_SEC}" TTL_SEC="${TTL_SEC}" MC_NS="${NS}" "${EXTRA_ENV[@]}" ./agent -ns "${NS}" -control-url "${CONTROL_URL}" -auth-token "${CONTROL_TOKEN}" -bootstrap "${BOOTSTRAP}" ${AGENT_FLAGS} >> "${LOG}" 2>&1 )
./run_fault_tolerance_benchmark.sh: 줄 253: 2092402 죽었음               ( env PATH="${PATH}" HOME="${HOME}" HB_SEC="${HB_SEC}" TTL_SEC="${TTL_SEC}" MC_NS="${NS}" "${EXTRA_ENV[@]}" ./agent -ns "${NS}" -control-url "${CONTROL_URL}" -auth-token "${CONTROL_TOKEN}" -bootstrap "${BOOTSTRAP}" ${AGENT_FLAGS} >> "${LOG}" 2>&1 )
./run_fault_tolerance_benchmark.sh: 줄 253: 2092427 죽었음               ( env PATH="${PATH}" HOME="${HOME}" HB_SEC="${HB_SEC}" TTL_SEC="${TTL_SEC}" MC_NS="${NS}" "${EXTRA_ENV[@]}" ./agent -ns "${NS}" -control-url "${CONTROL_URL}" -auth-token "${CONTROL_TOKEN}" -bootstrap "${BOOTSTRAP}" ${AGENT_FLAGS} >> "${LOG}" 2>&1 )
./run_fault_tolerance_benchmark.sh: 줄 253: 2092460 죽었음               ( env PATH="${PATH}" HOME="${HOME}" HB_SEC="${HB_SEC}" TTL_SEC="${TTL_SEC}" MC_NS="${NS}" "${EXTRA_ENV[@]}" ./agent -ns "${NS}" -control-url "${CONTROL_URL}" -auth-token "${CONTROL_TOKEN}" -bootstrap "${BOOTSTRAP}" ${AGENT_FLAGS} >> "${LOG}" 2>&1 )
==> Stopping remaining agents
==> Running metrics analyzer
# Benchmark Report (API-based)

- total tasks: 1000
- completed: 1000
- duplicate execution rate: 2.0000%  (target ≤ 1%)
- success_rate: 100.0000%
- status breakdown:
  - succeeded: 1000
- MTTR p50: 0.0005s  (target ≤ 120s)
- MTTR p95: 0.0039s  (target ≤ 180s)
- duplicate execution rate: 2.0000%  (target ≤ 1%)
- false recall rate: 0.0000%  (target ≤ 0.5%)
==> Truncating demand_jobs
TRUNCATE TABLE
==> DONE. See bench_artifacts/20251106-235300
