+ AGENTS=100
+ TASKS=1000
+ KILL_PERCENT=90
+ ./run_fault_tolerance_benchmark.sh
==> Checking docker image: alpine:latest
[INFO] using local image alpine:latest
### BENCH CONFIG
NS=mc
CONTROL_URL=http://127.0.0.1:8080
AGENTS=100
TASKS=1000
HB_SEC=5
TTL_SEC=20
KILL_PERCENT=90
RUNTIME_BEFORE_KILL=60s
POST_KILL_OBSERVE=300s
DOCKER_IMAGE=alpine:latest
Artifacts: bench_artifacts/20251107-002901
==> Starting control @ http://127.0.0.1:8080
==> Using bootstrap: /ip4/127.0.0.1/tcp/46255/p2p/12D3KooWMhfkDYMCsnP1aFSFDTNsBUZb1WeXFgr9tqAqYWdXgGmS
==> Spawning 100 agents
agents started: 100
==> Submitting 1000 tasks
  submitted: 100
  submitted: 200
  submitted: 300
  submitted: 400
  submitted: 500
  submitted: 600
  submitted: 700
  submitted: 800
  submitted: 900
  submitted: 1000
==> Sleeping 60s
==> SIGKILL 90/100 agents
./run_fault_tolerance_benchmark.sh: 줄 251: 2487740 죽었음               ( env PATH="${PATH}" HOME="${HOME}" HB_SEC="${HB_SEC}" TTL_SEC="${TTL_SEC}" MC_NS="${NS}" "${EXTRA_ENV[@]}" ./agent -ns "${NS}" -control-url "${CONTROL_URL}" -auth-token "${CONTROL_TOKEN}" -bootstrap "${BOOTSTRAP}" ${AGENT_FLAGS} >> "${LOG}" 2>&1 )
./run_fault_tolerance_benchmark.sh: 줄 251: 2487750 죽었음               ( env PATH="${PATH}" HOME="${HOME}" HB_SEC="${HB_SEC}" TTL_SEC="${TTL_SEC}" MC_NS="${NS}" "${EXTRA_ENV[@]}" ./agent -ns "${NS}" -control-url "${CONTROL_URL}" -auth-token "${CONTROL_TOKEN}" -bootstrap "${BOOTSTRAP}" ${AGENT_FLAGS} >> "${LOG}" 2>&1 )
./run_fault_tolerance_benchmark.sh: 줄 251: 2487760 죽었음               ( env PATH="${PATH}" HOME="${HOME}" HB_SEC="${HB_SEC}" TTL_SEC="${TTL_SEC}" MC_NS="${NS}" "${EXTRA_ENV[@]}" ./agent -ns "${NS}" -control-url "${CONTROL_URL}" -auth-token "${CONTROL_TOKEN}" -bootstrap "${BOOTSTRAP}" ${AGENT_FLAGS} >> "${LOG}" 2>&1 )
./run_fault_tolerance_benchmark.sh: 줄 251: 2487770 죽었음               ( env PATH="${PATH}" HOME="${HOME}" HB_SEC="${HB_SEC}" TTL_SEC="${TTL_SEC}" MC_NS="${NS}" "${EXTRA_ENV[@]}" ./agent -ns "${NS}" -control-url "${CONTROL_URL}" -auth-token "${CONTROL_TOKEN}" -bootstrap "${BOOTSTRAP}" ${AGENT_FLAGS} >> "${LOG}" 2>&1 )
./run_fault_tolerance_benchmark.sh: 줄 251: 2487793 죽었음               ( env PATH="${PATH}" HOME="${HOME}" HB_SEC="${HB_SEC}" TTL_SEC="${TTL_SEC}" MC_NS="${NS}" "${EXTRA_ENV[@]}" ./agent -ns "${NS}" -control-url "${CONTROL_URL}" -auth-token "${CONTROL_TOKEN}" -bootstrap "${BOOTSTRAP}" ${AGENT_FLAGS} >> "${LOG}" 2>&1 )
./run_fault_tolerance_benchmark.sh: 줄 251: 2487803 죽었음               ( env PATH="${PATH}" HOME="${HOME}" HB_SEC="${HB_SEC}" TTL_SEC="${TTL_SEC}" MC_NS="${NS}" "${EXTRA_ENV[@]}" ./agent -ns "${NS}" -control-url "${CONTROL_URL}" -auth-token "${CONTROL_TOKEN}" -bootstrap "${BOOTSTRAP}" ${AGENT_FLAGS} >> "${LOG}" 2>&1 )
./run_fault_tolerance_benchmark.sh: 줄 251: 2487818 죽었음               ( env PATH="${PATH}" HOME="${HOME}" HB_SEC="${HB_SEC}" TTL_SEC="${TTL_SEC}" MC_NS="${NS}" "${EXTRA_ENV[@]}" ./agent -ns "${NS}" -control-url "${CONTROL_URL}" -auth-token "${CONTROL_TOKEN}" -bootstrap "${BOOTSTRAP}" ${AGENT_FLAGS} >> "${LOG}" 2>&1 )
./run_fault_tolerance_benchmark.sh: 줄 251: 2487827 죽었음               ( env PATH="${PATH}" HOME="${HOME}" HB_SEC="${HB_SEC}" TTL_SEC="${TTL_SEC}" MC_NS="${NS}" "${EXTRA_ENV[@]}" ./agent -ns "${NS}" -control-url "${CONTROL_URL}" -auth-token "${CONTROL_TOKEN}" -bootstrap "${BOOTSTRAP}" ${AGENT_FLAGS} >> "${LOG}" 2>&1 )
./run_fault_tolerance_benchmark.sh: 줄 251: 2487884 죽었음               ( env PATH="${PATH}" HOME="${HOME}" HB_SEC="${HB_SEC}" TTL_SEC="${TTL_SEC}" MC_NS="${NS}" "${EXTRA_ENV[@]}" ./agent -ns "${NS}" -control-url "${CONTROL_URL}" -auth-token "${CONTROL_TOKEN}" -bootstrap "${BOOTSTRAP}" ${AGENT_FLAGS} >> "${LOG}" 2>&1 )
./run_fault_tolerance_benchmark.sh: 줄 251: 2487917 죽었음               ( env PATH="${PATH}" HOME="${HOME}" HB_SEC="${HB_SEC}" TTL_SEC="${TTL_SEC}" MC_NS="${NS}" "${EXTRA_ENV[@]}" ./agent -ns "${NS}" -control-url "${CONTROL_URL}" -auth-token "${CONTROL_TOKEN}" -bootstrap "${BOOTSTRAP}" ${AGENT_FLAGS} >> "${LOG}" 2>&1 )
./run_fault_tolerance_benchmark.sh: 줄 251: 2487928 죽었음               ( env PATH="${PATH}" HOME="${HOME}" HB_SEC="${HB_SEC}" TTL_SEC="${TTL_SEC}" MC_NS="${NS}" "${EXTRA_ENV[@]}" ./agent -ns "${NS}" -control-url "${CONTROL_URL}" -auth-token "${CONTROL_TOKEN}" -bootstrap "${BOOTSTRAP}" ${AGENT_FLAGS} >> "${LOG}" 2>&1 )
./run_fault_tolerance_benchmark.sh: 줄 251: 2487936 죽었음               ( env PATH="${PATH}" HOME="${HOME}" HB_SEC="${HB_SEC}" TTL_SEC="${TTL_SEC}" MC_NS="${NS}" "${EXTRA_ENV[@]}" ./agent -ns "${NS}" -control-url "${CONTROL_URL}" -auth-token "${CONTROL_TOKEN}" -bootstrap "${BOOTSTRAP}" ${AGENT_FLAGS} >> "${LOG}" 2>&1 )
./run_fault_tolerance_benchmark.sh: 줄 251: 2487945 죽었음               ( env PATH="${PATH}" HOME="${HOME}" HB_SEC="${HB_SEC}" TTL_SEC="${TTL_SEC}" MC_NS="${NS}" "${EXTRA_ENV[@]}" ./agent -ns "${NS}" -control-url "${CONTROL_URL}" -auth-token "${CONTROL_TOKEN}" -bootstrap "${BOOTSTRAP}" ${AGENT_FLAGS} >> "${LOG}" 2>&1 )
./run_fault_tolerance_benchmark.sh: 줄 251: 2487956 죽었음               ( env PATH="${PATH}" HOME="${HOME}" HB_SEC="${HB_SEC}" TTL_SEC="${TTL_SEC}" MC_NS="${NS}" "${EXTRA_ENV[@]}" ./agent -ns "${NS}" -control-url "${CONTROL_URL}" -auth-token "${CONTROL_TOKEN}" -bootstrap "${BOOTSTRAP}" ${AGENT_FLAGS} >> "${LOG}" 2>&1 )
./run_fault_tolerance_benchmark.sh: 줄 251: 2487966 죽었음               ( env PATH="${PATH}" HOME="${HOME}" HB_SEC="${HB_SEC}" TTL_SEC="${TTL_SEC}" MC_NS="${NS}" "${EXTRA_ENV[@]}" ./agent -ns "${NS}" -control-url "${CONTROL_URL}" -auth-token "${CONTROL_TOKEN}" -bootstrap "${BOOTSTRAP}" ${AGENT_FLAGS} >> "${LOG}" 2>&1 )
./run_fault_tolerance_benchmark.sh: 줄 251: 2487976 죽었음               ( env PATH="${PATH}" HOME="${HOME}" HB_SEC="${HB_SEC}" TTL_SEC="${TTL_SEC}" MC_NS="${NS}" "${EXTRA_ENV[@]}" ./agent -ns "${NS}" -control-url "${CONTROL_URL}" -auth-token "${CONTROL_TOKEN}" -bootstrap "${BOOTSTRAP}" ${AGENT_FLAGS} >> "${LOG}" 2>&1 )
./run_fault_tolerance_benchmark.sh: 줄 251: 2488021 죽었음               ( env PATH="${PATH}" HOME="${HOME}" HB_SEC="${HB_SEC}" TTL_SEC="${TTL_SEC}" MC_NS="${NS}" "${EXTRA_ENV[@]}" ./agent -ns "${NS}" -control-url "${CONTROL_URL}" -auth-token "${CONTROL_TOKEN}" -bootstrap "${BOOTSTRAP}" ${AGENT_FLAGS} >> "${LOG}" 2>&1 )
./run_fault_tolerance_benchmark.sh: 줄 251: 2488029 죽었음               ( env PATH="${PATH}" HOME="${HOME}" HB_SEC="${HB_SEC}" TTL_SEC="${TTL_SEC}" MC_NS="${NS}" "${EXTRA_ENV[@]}" ./agent -ns "${NS}" -control-url "${CONTROL_URL}" -auth-token "${CONTROL_TOKEN}" -bootstrap "${BOOTSTRAP}" ${AGENT_FLAGS} >> "${LOG}" 2>&1 )
./run_fault_tolerance_benchmark.sh: 줄 251: 2488049 죽었음               ( env PATH="${PATH}" HOME="${HOME}" HB_SEC="${HB_SEC}" TTL_SEC="${TTL_SEC}" MC_NS="${NS}" "${EXTRA_ENV[@]}" ./agent -ns "${NS}" -control-url "${CONTROL_URL}" -auth-token "${CONTROL_TOKEN}" -bootstrap "${BOOTSTRAP}" ${AGENT_FLAGS} >> "${LOG}" 2>&1 )
./run_fault_tolerance_benchmark.sh: 줄 251: 2488072 죽었음               ( env PATH="${PATH}" HOME="${HOME}" HB_SEC="${HB_SEC}" TTL_SEC="${TTL_SEC}" MC_NS="${NS}" "${EXTRA_ENV[@]}" ./agent -ns "${NS}" -control-url "${CONTROL_URL}" -auth-token "${CONTROL_TOKEN}" -bootstrap "${BOOTSTRAP}" ${AGENT_FLAGS} >> "${LOG}" 2>&1 )
./run_fault_tolerance_benchmark.sh: 줄 251: 2488109 죽었음               ( env PATH="${PATH}" HOME="${HOME}" HB_SEC="${HB_SEC}" TTL_SEC="${TTL_SEC}" MC_NS="${NS}" "${EXTRA_ENV[@]}" ./agent -ns "${NS}" -control-url "${CONTROL_URL}" -auth-token "${CONTROL_TOKEN}" -bootstrap "${BOOTSTRAP}" ${AGENT_FLAGS} >> "${LOG}" 2>&1 )
./run_fault_tolerance_benchmark.sh: 줄 251: 2488131 죽었음               ( env PATH="${PATH}" HOME="${HOME}" HB_SEC="${HB_SEC}" TTL_SEC="${TTL_SEC}" MC_NS="${NS}" "${EXTRA_ENV[@]}" ./agent -ns "${NS}" -control-url "${CONTROL_URL}" -auth-token "${CONTROL_TOKEN}" -bootstrap "${BOOTSTRAP}" ${AGENT_FLAGS} >> "${LOG}" 2>&1 )
./run_fault_tolerance_benchmark.sh: 줄 251: 2488189 죽었음               ( env PATH="${PATH}" HOME="${HOME}" HB_SEC="${HB_SEC}" TTL_SEC="${TTL_SEC}" MC_NS="${NS}" "${EXTRA_ENV[@]}" ./agent -ns "${NS}" -control-url "${CONTROL_URL}" -auth-token "${CONTROL_TOKEN}" -bootstrap "${BOOTSTRAP}" ${AGENT_FLAGS} >> "${LOG}" 2>&1 )
./run_fault_tolerance_benchmark.sh: 줄 251: 2488201 죽었음               ( env PATH="${PATH}" HOME="${HOME}" HB_SEC="${HB_SEC}" TTL_SEC="${TTL_SEC}" MC_NS="${NS}" "${EXTRA_ENV[@]}" ./agent -ns "${NS}" -control-url "${CONTROL_URL}" -auth-token "${CONTROL_TOKEN}" -bootstrap "${BOOTSTRAP}" ${AGENT_FLAGS} >> "${LOG}" 2>&1 )
./run_fault_tolerance_benchmark.sh: 줄 251: 2488212 죽었음               ( env PATH="${PATH}" HOME="${HOME}" HB_SEC="${HB_SEC}" TTL_SEC="${TTL_SEC}" MC_NS="${NS}" "${EXTRA_ENV[@]}" ./agent -ns "${NS}" -control-url "${CONTROL_URL}" -auth-token "${CONTROL_TOKEN}" -bootstrap "${BOOTSTRAP}" ${AGENT_FLAGS} >> "${LOG}" 2>&1 )
./run_fault_tolerance_benchmark.sh: 줄 251: 2488224 죽었음               ( env PATH="${PATH}" HOME="${HOME}" HB_SEC="${HB_SEC}" TTL_SEC="${TTL_SEC}" MC_NS="${NS}" "${EXTRA_ENV[@]}" ./agent -ns "${NS}" -control-url "${CONTROL_URL}" -auth-token "${CONTROL_TOKEN}" -bootstrap "${BOOTSTRAP}" ${AGENT_FLAGS} >> "${LOG}" 2>&1 )
./run_fault_tolerance_benchmark.sh: 줄 251: 2488234 죽었음               ( env PATH="${PATH}" HOME="${HOME}" HB_SEC="${HB_SEC}" TTL_SEC="${TTL_SEC}" MC_NS="${NS}" "${EXTRA_ENV[@]}" ./agent -ns "${NS}" -control-url "${CONTROL_URL}" -auth-token "${CONTROL_TOKEN}" -bootstrap "${BOOTSTRAP}" ${AGENT_FLAGS} >> "${LOG}" 2>&1 )
./run_fault_tolerance_benchmark.sh: 줄 251: 2488257 죽었음               ( env PATH="${PATH}" HOME="${HOME}" HB_SEC="${HB_SEC}" TTL_SEC="${TTL_SEC}" MC_NS="${NS}" "${EXTRA_ENV[@]}" ./agent -ns "${NS}" -control-url "${CONTROL_URL}" -auth-token "${CONTROL_TOKEN}" -bootstrap "${BOOTSTRAP}" ${AGENT_FLAGS} >> "${LOG}" 2>&1 )
./run_fault_tolerance_benchmark.sh: 줄 251: 2488268 죽었음               ( env PATH="${PATH}" HOME="${HOME}" HB_SEC="${HB_SEC}" TTL_SEC="${TTL_SEC}" MC_NS="${NS}" "${EXTRA_ENV[@]}" ./agent -ns "${NS}" -control-url "${CONTROL_URL}" -auth-token "${CONTROL_TOKEN}" -bootstrap "${BOOTSTRAP}" ${AGENT_FLAGS} >> "${LOG}" 2>&1 )
./run_fault_tolerance_benchmark.sh: 줄 251: 2488293 죽었음               ( env PATH="${PATH}" HOME="${HOME}" HB_SEC="${HB_SEC}" TTL_SEC="${TTL_SEC}" MC_NS="${NS}" "${EXTRA_ENV[@]}" ./agent -ns "${NS}" -control-url "${CONTROL_URL}" -auth-token "${CONTROL_TOKEN}" -bootstrap "${BOOTSTRAP}" ${AGENT_FLAGS} >> "${LOG}" 2>&1 )
./run_fault_tolerance_benchmark.sh: 줄 251: 2488305 죽었음               ( env PATH="${PATH}" HOME="${HOME}" HB_SEC="${HB_SEC}" TTL_SEC="${TTL_SEC}" MC_NS="${NS}" "${EXTRA_ENV[@]}" ./agent -ns "${NS}" -control-url "${CONTROL_URL}" -auth-token "${CONTROL_TOKEN}" -bootstrap "${BOOTSTRAP}" ${AGENT_FLAGS} >> "${LOG}" 2>&1 )
./run_fault_tolerance_benchmark.sh: 줄 251: 2488315 죽었음               ( env PATH="${PATH}" HOME="${HOME}" HB_SEC="${HB_SEC}" TTL_SEC="${TTL_SEC}" MC_NS="${NS}" "${EXTRA_ENV[@]}" ./agent -ns "${NS}" -control-url "${CONTROL_URL}" -auth-token "${CONTROL_TOKEN}" -bootstrap "${BOOTSTRAP}" ${AGENT_FLAGS} >> "${LOG}" 2>&1 )
./run_fault_tolerance_benchmark.sh: 줄 251: 2488327 죽었음               ( env PATH="${PATH}" HOME="${HOME}" HB_SEC="${HB_SEC}" TTL_SEC="${TTL_SEC}" MC_NS="${NS}" "${EXTRA_ENV[@]}" ./agent -ns "${NS}" -control-url "${CONTROL_URL}" -auth-token "${CONTROL_TOKEN}" -bootstrap "${BOOTSTRAP}" ${AGENT_FLAGS} >> "${LOG}" 2>&1 )
./run_fault_tolerance_benchmark.sh: 줄 251: 2488338 죽었음               ( env PATH="${PATH}" HOME="${HOME}" HB_SEC="${HB_SEC}" TTL_SEC="${TTL_SEC}" MC_NS="${NS}" "${EXTRA_ENV[@]}" ./agent -ns "${NS}" -control-url "${CONTROL_URL}" -auth-token "${CONTROL_TOKEN}" -bootstrap "${BOOTSTRAP}" ${AGENT_FLAGS} >> "${LOG}" 2>&1 )
./run_fault_tolerance_benchmark.sh: 줄 251: 2488351 죽었음               ( env PATH="${PATH}" HOME="${HOME}" HB_SEC="${HB_SEC}" TTL_SEC="${TTL_SEC}" MC_NS="${NS}" "${EXTRA_ENV[@]}" ./agent -ns "${NS}" -control-url "${CONTROL_URL}" -auth-token "${CONTROL_TOKEN}" -bootstrap "${BOOTSTRAP}" ${AGENT_FLAGS} >> "${LOG}" 2>&1 )
./run_fault_tolerance_benchmark.sh: 줄 251: 2488363 죽었음               ( env PATH="${PATH}" HOME="${HOME}" HB_SEC="${HB_SEC}" TTL_SEC="${TTL_SEC}" MC_NS="${NS}" "${EXTRA_ENV[@]}" ./agent -ns "${NS}" -control-url "${CONTROL_URL}" -auth-token "${CONTROL_TOKEN}" -bootstrap "${BOOTSTRAP}" ${AGENT_FLAGS} >> "${LOG}" 2>&1 )
./run_fault_tolerance_benchmark.sh: 줄 251: 2488374 죽었음               ( env PATH="${PATH}" HOME="${HOME}" HB_SEC="${HB_SEC}" TTL_SEC="${TTL_SEC}" MC_NS="${NS}" "${EXTRA_ENV[@]}" ./agent -ns "${NS}" -control-url "${CONTROL_URL}" -auth-token "${CONTROL_TOKEN}" -bootstrap "${BOOTSTRAP}" ${AGENT_FLAGS} >> "${LOG}" 2>&1 )
./run_fault_tolerance_benchmark.sh: 줄 251: 2488398 죽었음               ( env PATH="${PATH}" HOME="${HOME}" HB_SEC="${HB_SEC}" TTL_SEC="${TTL_SEC}" MC_NS="${NS}" "${EXTRA_ENV[@]}" ./agent -ns "${NS}" -control-url "${CONTROL_URL}" -auth-token "${CONTROL_TOKEN}" -bootstrap "${BOOTSTRAP}" ${AGENT_FLAGS} >> "${LOG}" 2>&1 )
./run_fault_tolerance_benchmark.sh: 줄 251: 2488409 죽었음               ( env PATH="${PATH}" HOME="${HOME}" HB_SEC="${HB_SEC}" TTL_SEC="${TTL_SEC}" MC_NS="${NS}" "${EXTRA_ENV[@]}" ./agent -ns "${NS}" -control-url "${CONTROL_URL}" -auth-token "${CONTROL_TOKEN}" -bootstrap "${BOOTSTRAP}" ${AGENT_FLAGS} >> "${LOG}" 2>&1 )
./run_fault_tolerance_benchmark.sh: 줄 251: 2488429 죽었음               ( env PATH="${PATH}" HOME="${HOME}" HB_SEC="${HB_SEC}" TTL_SEC="${TTL_SEC}" MC_NS="${NS}" "${EXTRA_ENV[@]}" ./agent -ns "${NS}" -control-url "${CONTROL_URL}" -auth-token "${CONTROL_TOKEN}" -bootstrap "${BOOTSTRAP}" ${AGENT_FLAGS} >> "${LOG}" 2>&1 )
./run_fault_tolerance_benchmark.sh: 줄 251: 2488441 죽었음               ( env PATH="${PATH}" HOME="${HOME}" HB_SEC="${HB_SEC}" TTL_SEC="${TTL_SEC}" MC_NS="${NS}" "${EXTRA_ENV[@]}" ./agent -ns "${NS}" -control-url "${CONTROL_URL}" -auth-token "${CONTROL_TOKEN}" -bootstrap "${BOOTSTRAP}" ${AGENT_FLAGS} >> "${LOG}" 2>&1 )
./run_fault_tolerance_benchmark.sh: 줄 251: 2488453 죽었음               ( env PATH="${PATH}" HOME="${HOME}" HB_SEC="${HB_SEC}" TTL_SEC="${TTL_SEC}" MC_NS="${NS}" "${EXTRA_ENV[@]}" ./agent -ns "${NS}" -control-url "${CONTROL_URL}" -auth-token "${CONTROL_TOKEN}" -bootstrap "${BOOTSTRAP}" ${AGENT_FLAGS} >> "${LOG}" 2>&1 )
./run_fault_tolerance_benchmark.sh: 줄 251: 2488487 죽었음               ( env PATH="${PATH}" HOME="${HOME}" HB_SEC="${HB_SEC}" TTL_SEC="${TTL_SEC}" MC_NS="${NS}" "${EXTRA_ENV[@]}" ./agent -ns "${NS}" -control-url "${CONTROL_URL}" -auth-token "${CONTROL_TOKEN}" -bootstrap "${BOOTSTRAP}" ${AGENT_FLAGS} >> "${LOG}" 2>&1 )
./run_fault_tolerance_benchmark.sh: 줄 251: 2488510 죽었음               ( env PATH="${PATH}" HOME="${HOME}" HB_SEC="${HB_SEC}" TTL_SEC="${TTL_SEC}" MC_NS="${NS}" "${EXTRA_ENV[@]}" ./agent -ns "${NS}" -control-url "${CONTROL_URL}" -auth-token "${CONTROL_TOKEN}" -bootstrap "${BOOTSTRAP}" ${AGENT_FLAGS} >> "${LOG}" 2>&1 )
./run_fault_tolerance_benchmark.sh: 줄 251: 2488532 죽었음               ( env PATH="${PATH}" HOME="${HOME}" HB_SEC="${HB_SEC}" TTL_SEC="${TTL_SEC}" MC_NS="${NS}" "${EXTRA_ENV[@]}" ./agent -ns "${NS}" -control-url "${CONTROL_URL}" -auth-token "${CONTROL_TOKEN}" -bootstrap "${BOOTSTRAP}" ${AGENT_FLAGS} >> "${LOG}" 2>&1 )
./run_fault_tolerance_benchmark.sh: 줄 251: 2488543 죽었음               ( env PATH="${PATH}" HOME="${HOME}" HB_SEC="${HB_SEC}" TTL_SEC="${TTL_SEC}" MC_NS="${NS}" "${EXTRA_ENV[@]}" ./agent -ns "${NS}" -control-url "${CONTROL_URL}" -auth-token "${CONTROL_TOKEN}" -bootstrap "${BOOTSTRAP}" ${AGENT_FLAGS} >> "${LOG}" 2>&1 )
./run_fault_tolerance_benchmark.sh: 줄 251: 2488553 죽었음               ( env PATH="${PATH}" HOME="${HOME}" HB_SEC="${HB_SEC}" TTL_SEC="${TTL_SEC}" MC_NS="${NS}" "${EXTRA_ENV[@]}" ./agent -ns "${NS}" -control-url "${CONTROL_URL}" -auth-token "${CONTROL_TOKEN}" -bootstrap "${BOOTSTRAP}" ${AGENT_FLAGS} >> "${LOG}" 2>&1 )
./run_fault_tolerance_benchmark.sh: 줄 251: 2488566 죽었음               ( env PATH="${PATH}" HOME="${HOME}" HB_SEC="${HB_SEC}" TTL_SEC="${TTL_SEC}" MC_NS="${NS}" "${EXTRA_ENV[@]}" ./agent -ns "${NS}" -control-url "${CONTROL_URL}" -auth-token "${CONTROL_TOKEN}" -bootstrap "${BOOTSTRAP}" ${AGENT_FLAGS} >> "${LOG}" 2>&1 )
./run_fault_tolerance_benchmark.sh: 줄 251: 2488591 죽었음               ( env PATH="${PATH}" HOME="${HOME}" HB_SEC="${HB_SEC}" TTL_SEC="${TTL_SEC}" MC_NS="${NS}" "${EXTRA_ENV[@]}" ./agent -ns "${NS}" -control-url "${CONTROL_URL}" -auth-token "${CONTROL_TOKEN}" -bootstrap "${BOOTSTRAP}" ${AGENT_FLAGS} >> "${LOG}" 2>&1 )
./run_fault_tolerance_benchmark.sh: 줄 251: 2488602 죽었음               ( env PATH="${PATH}" HOME="${HOME}" HB_SEC="${HB_SEC}" TTL_SEC="${TTL_SEC}" MC_NS="${NS}" "${EXTRA_ENV[@]}" ./agent -ns "${NS}" -control-url "${CONTROL_URL}" -auth-token "${CONTROL_TOKEN}" -bootstrap "${BOOTSTRAP}" ${AGENT_FLAGS} >> "${LOG}" 2>&1 )
./run_fault_tolerance_benchmark.sh: 줄 251: 2488626 죽었음               ( env PATH="${PATH}" HOME="${HOME}" HB_SEC="${HB_SEC}" TTL_SEC="${TTL_SEC}" MC_NS="${NS}" "${EXTRA_ENV[@]}" ./agent -ns "${NS}" -control-url "${CONTROL_URL}" -auth-token "${CONTROL_TOKEN}" -bootstrap "${BOOTSTRAP}" ${AGENT_FLAGS} >> "${LOG}" 2>&1 )
./run_fault_tolerance_benchmark.sh: 줄 251: 2488638 죽었음               ( env PATH="${PATH}" HOME="${HOME}" HB_SEC="${HB_SEC}" TTL_SEC="${TTL_SEC}" MC_NS="${NS}" "${EXTRA_ENV[@]}" ./agent -ns "${NS}" -control-url "${CONTROL_URL}" -auth-token "${CONTROL_TOKEN}" -bootstrap "${BOOTSTRAP}" ${AGENT_FLAGS} >> "${LOG}" 2>&1 )
./run_fault_tolerance_benchmark.sh: 줄 251: 2488661 죽었음               ( env PATH="${PATH}" HOME="${HOME}" HB_SEC="${HB_SEC}" TTL_SEC="${TTL_SEC}" MC_NS="${NS}" "${EXTRA_ENV[@]}" ./agent -ns "${NS}" -control-url "${CONTROL_URL}" -auth-token "${CONTROL_TOKEN}" -bootstrap "${BOOTSTRAP}" ${AGENT_FLAGS} >> "${LOG}" 2>&1 )
./run_fault_tolerance_benchmark.sh: 줄 251: 2488695 죽었음               ( env PATH="${PATH}" HOME="${HOME}" HB_SEC="${HB_SEC}" TTL_SEC="${TTL_SEC}" MC_NS="${NS}" "${EXTRA_ENV[@]}" ./agent -ns "${NS}" -control-url "${CONTROL_URL}" -auth-token "${CONTROL_TOKEN}" -bootstrap "${BOOTSTRAP}" ${AGENT_FLAGS} >> "${LOG}" 2>&1 )
./run_fault_tolerance_benchmark.sh: 줄 251: 2488730 죽었음               ( env PATH="${PATH}" HOME="${HOME}" HB_SEC="${HB_SEC}" TTL_SEC="${TTL_SEC}" MC_NS="${NS}" "${EXTRA_ENV[@]}" ./agent -ns "${NS}" -control-url "${CONTROL_URL}" -auth-token "${CONTROL_TOKEN}" -bootstrap "${BOOTSTRAP}" ${AGENT_FLAGS} >> "${LOG}" 2>&1 )
./run_fault_tolerance_benchmark.sh: 줄 251: 2488764 죽었음               ( env PATH="${PATH}" HOME="${HOME}" HB_SEC="${HB_SEC}" TTL_SEC="${TTL_SEC}" MC_NS="${NS}" "${EXTRA_ENV[@]}" ./agent -ns "${NS}" -control-url "${CONTROL_URL}" -auth-token "${CONTROL_TOKEN}" -bootstrap "${BOOTSTRAP}" ${AGENT_FLAGS} >> "${LOG}" 2>&1 )
./run_fault_tolerance_benchmark.sh: 줄 251: 2488783 죽었음               ( env PATH="${PATH}" HOME="${HOME}" HB_SEC="${HB_SEC}" TTL_SEC="${TTL_SEC}" MC_NS="${NS}" "${EXTRA_ENV[@]}" ./agent -ns "${NS}" -control-url "${CONTROL_URL}" -auth-token "${CONTROL_TOKEN}" -bootstrap "${BOOTSTRAP}" ${AGENT_FLAGS} >> "${LOG}" 2>&1 )
./run_fault_tolerance_benchmark.sh: 줄 251: 2488795 죽었음               ( env PATH="${PATH}" HOME="${HOME}" HB_SEC="${HB_SEC}" TTL_SEC="${TTL_SEC}" MC_NS="${NS}" "${EXTRA_ENV[@]}" ./agent -ns "${NS}" -control-url "${CONTROL_URL}" -auth-token "${CONTROL_TOKEN}" -bootstrap "${BOOTSTRAP}" ${AGENT_FLAGS} >> "${LOG}" 2>&1 )
./run_fault_tolerance_benchmark.sh: 줄 251: 2488807 죽었음               ( env PATH="${PATH}" HOME="${HOME}" HB_SEC="${HB_SEC}" TTL_SEC="${TTL_SEC}" MC_NS="${NS}" "${EXTRA_ENV[@]}" ./agent -ns "${NS}" -control-url "${CONTROL_URL}" -auth-token "${CONTROL_TOKEN}" -bootstrap "${BOOTSTRAP}" ${AGENT_FLAGS} >> "${LOG}" 2>&1 )
./run_fault_tolerance_benchmark.sh: 줄 251: 2488819 죽었음               ( env PATH="${PATH}" HOME="${HOME}" HB_SEC="${HB_SEC}" TTL_SEC="${TTL_SEC}" MC_NS="${NS}" "${EXTRA_ENV[@]}" ./agent -ns "${NS}" -control-url "${CONTROL_URL}" -auth-token "${CONTROL_TOKEN}" -bootstrap "${BOOTSTRAP}" ${AGENT_FLAGS} >> "${LOG}" 2>&1 )
==> Observing 300s
./run_fault_tolerance_benchmark.sh: 줄 253: 2487712 죽었음               ( env PATH="${PATH}" HOME="${HOME}" HB_SEC="${HB_SEC}" TTL_SEC="${TTL_SEC}" MC_NS="${NS}" "${EXTRA_ENV[@]}" ./agent -ns "${NS}" -control-url "${CONTROL_URL}" -auth-token "${CONTROL_TOKEN}" -bootstrap "${BOOTSTRAP}" ${AGENT_FLAGS} >> "${LOG}" 2>&1 )
./run_fault_tolerance_benchmark.sh: 줄 253: 2487780 죽었음               ( env PATH="${PATH}" HOME="${HOME}" HB_SEC="${HB_SEC}" TTL_SEC="${TTL_SEC}" MC_NS="${NS}" "${EXTRA_ENV[@]}" ./agent -ns "${NS}" -control-url "${CONTROL_URL}" -auth-token "${CONTROL_TOKEN}" -bootstrap "${BOOTSTRAP}" ${AGENT_FLAGS} >> "${LOG}" 2>&1 )
./run_fault_tolerance_benchmark.sh: 줄 253: 2487843 죽었음               ( env PATH="${PATH}" HOME="${HOME}" HB_SEC="${HB_SEC}" TTL_SEC="${TTL_SEC}" MC_NS="${NS}" "${EXTRA_ENV[@]}" ./agent -ns "${NS}" -control-url "${CONTROL_URL}" -auth-token "${CONTROL_TOKEN}" -bootstrap "${BOOTSTRAP}" ${AGENT_FLAGS} >> "${LOG}" 2>&1 )
./run_fault_tolerance_benchmark.sh: 줄 253: 2487857 죽었음               ( env PATH="${PATH}" HOME="${HOME}" HB_SEC="${HB_SEC}" TTL_SEC="${TTL_SEC}" MC_NS="${NS}" "${EXTRA_ENV[@]}" ./agent -ns "${NS}" -control-url "${CONTROL_URL}" -auth-token "${CONTROL_TOKEN}" -bootstrap "${BOOTSTRAP}" ${AGENT_FLAGS} >> "${LOG}" 2>&1 )
./run_fault_tolerance_benchmark.sh: 줄 253: 2487870 죽었음               ( env PATH="${PATH}" HOME="${HOME}" HB_SEC="${HB_SEC}" TTL_SEC="${TTL_SEC}" MC_NS="${NS}" "${EXTRA_ENV[@]}" ./agent -ns "${NS}" -control-url "${CONTROL_URL}" -auth-token "${CONTROL_TOKEN}" -bootstrap "${BOOTSTRAP}" ${AGENT_FLAGS} >> "${LOG}" 2>&1 )
./run_fault_tolerance_benchmark.sh: 줄 253: 2487897 죽었음               ( env PATH="${PATH}" HOME="${HOME}" HB_SEC="${HB_SEC}" TTL_SEC="${TTL_SEC}" MC_NS="${NS}" "${EXTRA_ENV[@]}" ./agent -ns "${NS}" -control-url "${CONTROL_URL}" -auth-token "${CONTROL_TOKEN}" -bootstrap "${BOOTSTRAP}" ${AGENT_FLAGS} >> "${LOG}" 2>&1 )
./run_fault_tolerance_benchmark.sh: 줄 253: 2487998 죽었음               ( env PATH="${PATH}" HOME="${HOME}" HB_SEC="${HB_SEC}" TTL_SEC="${TTL_SEC}" MC_NS="${NS}" "${EXTRA_ENV[@]}" ./agent -ns "${NS}" -control-url "${CONTROL_URL}" -auth-token "${CONTROL_TOKEN}" -bootstrap "${BOOTSTRAP}" ${AGENT_FLAGS} >> "${LOG}" 2>&1 )
./run_fault_tolerance_benchmark.sh: 줄 253: 2488009 죽었음               ( env PATH="${PATH}" HOME="${HOME}" HB_SEC="${HB_SEC}" TTL_SEC="${TTL_SEC}" MC_NS="${NS}" "${EXTRA_ENV[@]}" ./agent -ns "${NS}" -control-url "${CONTROL_URL}" -auth-token "${CONTROL_TOKEN}" -bootstrap "${BOOTSTRAP}" ${AGENT_FLAGS} >> "${LOG}" 2>&1 )
./run_fault_tolerance_benchmark.sh: 줄 253: 2488039 죽었음               ( env PATH="${PATH}" HOME="${HOME}" HB_SEC="${HB_SEC}" TTL_SEC="${TTL_SEC}" MC_NS="${NS}" "${EXTRA_ENV[@]}" ./agent -ns "${NS}" -control-url "${CONTROL_URL}" -auth-token "${CONTROL_TOKEN}" -bootstrap "${BOOTSTRAP}" ${AGENT_FLAGS} >> "${LOG}" 2>&1 )
./run_fault_tolerance_benchmark.sh: 줄 253: 2488059 죽었음               ( env PATH="${PATH}" HOME="${HOME}" HB_SEC="${HB_SEC}" TTL_SEC="${TTL_SEC}" MC_NS="${NS}" "${EXTRA_ENV[@]}" ./agent -ns "${NS}" -control-url "${CONTROL_URL}" -auth-token "${CONTROL_TOKEN}" -bootstrap "${BOOTSTRAP}" ${AGENT_FLAGS} >> "${LOG}" 2>&1 )
./run_fault_tolerance_benchmark.sh: 줄 253: 2488086 죽었음               ( env PATH="${PATH}" HOME="${HOME}" HB_SEC="${HB_SEC}" TTL_SEC="${TTL_SEC}" MC_NS="${NS}" "${EXTRA_ENV[@]}" ./agent -ns "${NS}" -control-url "${CONTROL_URL}" -auth-token "${CONTROL_TOKEN}" -bootstrap "${BOOTSTRAP}" ${AGENT_FLAGS} >> "${LOG}" 2>&1 )
./run_fault_tolerance_benchmark.sh: 줄 253: 2488098 죽었음               ( env PATH="${PATH}" HOME="${HOME}" HB_SEC="${HB_SEC}" TTL_SEC="${TTL_SEC}" MC_NS="${NS}" "${EXTRA_ENV[@]}" ./agent -ns "${NS}" -control-url "${CONTROL_URL}" -auth-token "${CONTROL_TOKEN}" -bootstrap "${BOOTSTRAP}" ${AGENT_FLAGS} >> "${LOG}" 2>&1 )
./run_fault_tolerance_benchmark.sh: 줄 253: 2488120 죽었음               ( env PATH="${PATH}" HOME="${HOME}" HB_SEC="${HB_SEC}" TTL_SEC="${TTL_SEC}" MC_NS="${NS}" "${EXTRA_ENV[@]}" ./agent -ns "${NS}" -control-url "${CONTROL_URL}" -auth-token "${CONTROL_TOKEN}" -bootstrap "${BOOTSTRAP}" ${AGENT_FLAGS} >> "${LOG}" 2>&1 )
./run_fault_tolerance_benchmark.sh: 줄 253: 2488143 죽었음               ( env PATH="${PATH}" HOME="${HOME}" HB_SEC="${HB_SEC}" TTL_SEC="${TTL_SEC}" MC_NS="${NS}" "${EXTRA_ENV[@]}" ./agent -ns "${NS}" -control-url "${CONTROL_URL}" -auth-token "${CONTROL_TOKEN}" -bootstrap "${BOOTSTRAP}" ${AGENT_FLAGS} >> "${LOG}" 2>&1 )
./run_fault_tolerance_benchmark.sh: 줄 253: 2488167 죽었음               ( env PATH="${PATH}" HOME="${HOME}" HB_SEC="${HB_SEC}" TTL_SEC="${TTL_SEC}" MC_NS="${NS}" "${EXTRA_ENV[@]}" ./agent -ns "${NS}" -control-url "${CONTROL_URL}" -auth-token "${CONTROL_TOKEN}" -bootstrap "${BOOTSTRAP}" ${AGENT_FLAGS} >> "${LOG}" 2>&1 )
./run_fault_tolerance_benchmark.sh: 줄 253: 2488178 죽었음               ( env PATH="${PATH}" HOME="${HOME}" HB_SEC="${HB_SEC}" TTL_SEC="${TTL_SEC}" MC_NS="${NS}" "${EXTRA_ENV[@]}" ./agent -ns "${NS}" -control-url "${CONTROL_URL}" -auth-token "${CONTROL_TOKEN}" -bootstrap "${BOOTSTRAP}" ${AGENT_FLAGS} >> "${LOG}" 2>&1 )
./run_fault_tolerance_benchmark.sh: 줄 253: 2488246 죽었음               ( env PATH="${PATH}" HOME="${HOME}" HB_SEC="${HB_SEC}" TTL_SEC="${TTL_SEC}" MC_NS="${NS}" "${EXTRA_ENV[@]}" ./agent -ns "${NS}" -control-url "${CONTROL_URL}" -auth-token "${CONTROL_TOKEN}" -bootstrap "${BOOTSTRAP}" ${AGENT_FLAGS} >> "${LOG}" 2>&1 )
./run_fault_tolerance_benchmark.sh: 줄 253: 2488281 죽었음               ( env PATH="${PATH}" HOME="${HOME}" HB_SEC="${HB_SEC}" TTL_SEC="${TTL_SEC}" MC_NS="${NS}" "${EXTRA_ENV[@]}" ./agent -ns "${NS}" -control-url "${CONTROL_URL}" -auth-token "${CONTROL_TOKEN}" -bootstrap "${BOOTSTRAP}" ${AGENT_FLAGS} >> "${LOG}" 2>&1 )
./run_fault_tolerance_benchmark.sh: 줄 253: 2488386 죽었음               ( env PATH="${PATH}" HOME="${HOME}" HB_SEC="${HB_SEC}" TTL_SEC="${TTL_SEC}" MC_NS="${NS}" "${EXTRA_ENV[@]}" ./agent -ns "${NS}" -control-url "${CONTROL_URL}" -auth-token "${CONTROL_TOKEN}" -bootstrap "${BOOTSTRAP}" ${AGENT_FLAGS} >> "${LOG}" 2>&1 )
./run_fault_tolerance_benchmark.sh: 줄 253: 2488420 죽었음               ( env PATH="${PATH}" HOME="${HOME}" HB_SEC="${HB_SEC}" TTL_SEC="${TTL_SEC}" MC_NS="${NS}" "${EXTRA_ENV[@]}" ./agent -ns "${NS}" -control-url "${CONTROL_URL}" -auth-token "${CONTROL_TOKEN}" -bootstrap "${BOOTSTRAP}" ${AGENT_FLAGS} >> "${LOG}" 2>&1 )
./run_fault_tolerance_benchmark.sh: 줄 253: 2488499 죽었음               ( env PATH="${PATH}" HOME="${HOME}" HB_SEC="${HB_SEC}" TTL_SEC="${TTL_SEC}" MC_NS="${NS}" "${EXTRA_ENV[@]}" ./agent -ns "${NS}" -control-url "${CONTROL_URL}" -auth-token "${CONTROL_TOKEN}" -bootstrap "${BOOTSTRAP}" ${AGENT_FLAGS} >> "${LOG}" 2>&1 )
./run_fault_tolerance_benchmark.sh: 줄 253: 2488523 죽었음               ( env PATH="${PATH}" HOME="${HOME}" HB_SEC="${HB_SEC}" TTL_SEC="${TTL_SEC}" MC_NS="${NS}" "${EXTRA_ENV[@]}" ./agent -ns "${NS}" -control-url "${CONTROL_URL}" -auth-token "${CONTROL_TOKEN}" -bootstrap "${BOOTSTRAP}" ${AGENT_FLAGS} >> "${LOG}" 2>&1 )
./run_fault_tolerance_benchmark.sh: 줄 253: 2488579 죽었음               ( env PATH="${PATH}" HOME="${HOME}" HB_SEC="${HB_SEC}" TTL_SEC="${TTL_SEC}" MC_NS="${NS}" "${EXTRA_ENV[@]}" ./agent -ns "${NS}" -control-url "${CONTROL_URL}" -auth-token "${CONTROL_TOKEN}" -bootstrap "${BOOTSTRAP}" ${AGENT_FLAGS} >> "${LOG}" 2>&1 )
./run_fault_tolerance_benchmark.sh: 줄 253: 2488615 죽었음               ( env PATH="${PATH}" HOME="${HOME}" HB_SEC="${HB_SEC}" TTL_SEC="${TTL_SEC}" MC_NS="${NS}" "${EXTRA_ENV[@]}" ./agent -ns "${NS}" -control-url "${CONTROL_URL}" -auth-token "${CONTROL_TOKEN}" -bootstrap "${BOOTSTRAP}" ${AGENT_FLAGS} >> "${LOG}" 2>&1 )
./run_fault_tolerance_benchmark.sh: 줄 253: 2488650 죽었음               ( env PATH="${PATH}" HOME="${HOME}" HB_SEC="${HB_SEC}" TTL_SEC="${TTL_SEC}" MC_NS="${NS}" "${EXTRA_ENV[@]}" ./agent -ns "${NS}" -control-url "${CONTROL_URL}" -auth-token "${CONTROL_TOKEN}" -bootstrap "${BOOTSTRAP}" ${AGENT_FLAGS} >> "${LOG}" 2>&1 )
./run_fault_tolerance_benchmark.sh: 줄 253: 2488672 죽었음               ( env PATH="${PATH}" HOME="${HOME}" HB_SEC="${HB_SEC}" TTL_SEC="${TTL_SEC}" MC_NS="${NS}" "${EXTRA_ENV[@]}" ./agent -ns "${NS}" -control-url "${CONTROL_URL}" -auth-token "${CONTROL_TOKEN}" -bootstrap "${BOOTSTRAP}" ${AGENT_FLAGS} >> "${LOG}" 2>&1 )
./run_fault_tolerance_benchmark.sh: 줄 253: 2488707 죽었음               ( env PATH="${PATH}" HOME="${HOME}" HB_SEC="${HB_SEC}" TTL_SEC="${TTL_SEC}" MC_NS="${NS}" "${EXTRA_ENV[@]}" ./agent -ns "${NS}" -control-url "${CONTROL_URL}" -auth-token "${CONTROL_TOKEN}" -bootstrap "${BOOTSTRAP}" ${AGENT_FLAGS} >> "${LOG}" 2>&1 )
./run_fault_tolerance_benchmark.sh: 줄 253: 2488742 죽었음               ( env PATH="${PATH}" HOME="${HOME}" HB_SEC="${HB_SEC}" TTL_SEC="${TTL_SEC}" MC_NS="${NS}" "${EXTRA_ENV[@]}" ./agent -ns "${NS}" -control-url "${CONTROL_URL}" -auth-token "${CONTROL_TOKEN}" -bootstrap "${BOOTSTRAP}" ${AGENT_FLAGS} >> "${LOG}" 2>&1 )
./run_fault_tolerance_benchmark.sh: 줄 253: 2488753 죽었음               ( env PATH="${PATH}" HOME="${HOME}" HB_SEC="${HB_SEC}" TTL_SEC="${TTL_SEC}" MC_NS="${NS}" "${EXTRA_ENV[@]}" ./agent -ns "${NS}" -control-url "${CONTROL_URL}" -auth-token "${CONTROL_TOKEN}" -bootstrap "${BOOTSTRAP}" ${AGENT_FLAGS} >> "${LOG}" 2>&1 )
./run_fault_tolerance_benchmark.sh: 줄 253: 2488773 죽었음               ( env PATH="${PATH}" HOME="${HOME}" HB_SEC="${HB_SEC}" TTL_SEC="${TTL_SEC}" MC_NS="${NS}" "${EXTRA_ENV[@]}" ./agent -ns "${NS}" -control-url "${CONTROL_URL}" -auth-token "${CONTROL_TOKEN}" -bootstrap "${BOOTSTRAP}" ${AGENT_FLAGS} >> "${LOG}" 2>&1 )
==> Stopping remaining agents
==> Running metrics analyzer
# Benchmark Report (API-based)

- total tasks: 1000
- completed: 1000
- success_rate: 100.0000%
- status breakdown:
  - succeeded: 1000
- MTTR p50: 0.0006s  (target ≤ 120s)
- MTTR p95: 57.8510s  (target ≤ 180s)
- duplicate execution rate: 8.4000%  (target ≤ 1%)
- false recall rate: 0.0000%  (target ≤ 0.5%)
==> Truncating demand_jobs
TRUNCATE TABLE
==> DONE. See bench_artifacts/20251107-002901
