+ AGENTS=100
+ TASKS=1000
+ KILL_PERCENT=10
+ ./run_fault_tolerance_benchmark.sh
==> Checking docker image: alpine:latest
[INFO] using local image alpine:latest
### BENCH CONFIG
NS=mc
CONTROL_URL=http://127.0.0.1:8080
AGENTS=100
TASKS=1000
HB_SEC=5
TTL_SEC=20
KILL_PERCENT=10
RUNTIME_BEFORE_KILL=60s
POST_KILL_OBSERVE=300s
DOCKER_IMAGE=alpine:latest
Artifacts: bench_artifacts/20251106-234459
==> Starting control @ http://127.0.0.1:8080
==> Using bootstrap: /ip4/127.0.0.1/tcp/37793/p2p/12D3KooW9rSTgHsc8R2vmuoSsvAYTf6psei495zT6NdkLD6T2bgd
==> Spawning 100 agents
agents started: 100
==> Submitting 1000 tasks
  submitted: 100
  submitted: 200
  submitted: 300
  submitted: 400
  submitted: 500
  submitted: 600
  submitted: 700
  submitted: 800
  submitted: 900
  submitted: 1000
==> Sleeping 60s
==> SIGKILL 10/100 agents
./run_fault_tolerance_benchmark.sh: 줄 251: 1996637 죽었음               ( env PATH="${PATH}" HOME="${HOME}" HB_SEC="${HB_SEC}" TTL_SEC="${TTL_SEC}" MC_NS="${NS}" "${EXTRA_ENV[@]}" ./agent -ns "${NS}" -control-url "${CONTROL_URL}" -auth-token "${CONTROL_TOKEN}" -bootstrap "${BOOTSTRAP}" ${AGENT_FLAGS} >> "${LOG}" 2>&1 )
./run_fault_tolerance_benchmark.sh: 줄 252: 1996846 죽었음               ( env PATH="${PATH}" HOME="${HOME}" HB_SEC="${HB_SEC}" TTL_SEC="${TTL_SEC}" MC_NS="${NS}" "${EXTRA_ENV[@]}" ./agent -ns "${NS}" -control-url "${CONTROL_URL}" -auth-token "${CONTROL_TOKEN}" -bootstrap "${BOOTSTRAP}" ${AGENT_FLAGS} >> "${LOG}" 2>&1 )
./run_fault_tolerance_benchmark.sh: 줄 252: 1996859 죽었음               ( env PATH="${PATH}" HOME="${HOME}" HB_SEC="${HB_SEC}" TTL_SEC="${TTL_SEC}" MC_NS="${NS}" "${EXTRA_ENV[@]}" ./agent -ns "${NS}" -control-url "${CONTROL_URL}" -auth-token "${CONTROL_TOKEN}" -bootstrap "${BOOTSTRAP}" ${AGENT_FLAGS} >> "${LOG}" 2>&1 )
==> Observing 300s
./run_fault_tolerance_benchmark.sh: 줄 253: 1996045 죽었음               ( env PATH="${PATH}" HOME="${HOME}" HB_SEC="${HB_SEC}" TTL_SEC="${TTL_SEC}" MC_NS="${NS}" "${EXTRA_ENV[@]}" ./agent -ns "${NS}" -control-url "${CONTROL_URL}" -auth-token "${CONTROL_TOKEN}" -bootstrap "${BOOTSTRAP}" ${AGENT_FLAGS} >> "${LOG}" 2>&1 )
./run_fault_tolerance_benchmark.sh: 줄 253: 1996164 죽었음               ( env PATH="${PATH}" HOME="${HOME}" HB_SEC="${HB_SEC}" TTL_SEC="${TTL_SEC}" MC_NS="${NS}" "${EXTRA_ENV[@]}" ./agent -ns "${NS}" -control-url "${CONTROL_URL}" -auth-token "${CONTROL_TOKEN}" -bootstrap "${BOOTSTRAP}" ${AGENT_FLAGS} >> "${LOG}" 2>&1 )
./run_fault_tolerance_benchmark.sh: 줄 253: 1996242 죽었음               ( env PATH="${PATH}" HOME="${HOME}" HB_SEC="${HB_SEC}" TTL_SEC="${TTL_SEC}" MC_NS="${NS}" "${EXTRA_ENV[@]}" ./agent -ns "${NS}" -control-url "${CONTROL_URL}" -auth-token "${CONTROL_TOKEN}" -bootstrap "${BOOTSTRAP}" ${AGENT_FLAGS} >> "${LOG}" 2>&1 )
./run_fault_tolerance_benchmark.sh: 줄 253: 1996380 죽었음               ( env PATH="${PATH}" HOME="${HOME}" HB_SEC="${HB_SEC}" TTL_SEC="${TTL_SEC}" MC_NS="${NS}" "${EXTRA_ENV[@]}" ./agent -ns "${NS}" -control-url "${CONTROL_URL}" -auth-token "${CONTROL_TOKEN}" -bootstrap "${BOOTSTRAP}" ${AGENT_FLAGS} >> "${LOG}" 2>&1 )
./run_fault_tolerance_benchmark.sh: 줄 253: 1996767 죽었음               ( env PATH="${PATH}" HOME="${HOME}" HB_SEC="${HB_SEC}" TTL_SEC="${TTL_SEC}" MC_NS="${NS}" "${EXTRA_ENV[@]}" ./agent -ns "${NS}" -control-url "${CONTROL_URL}" -auth-token "${CONTROL_TOKEN}" -bootstrap "${BOOTSTRAP}" ${AGENT_FLAGS} >> "${LOG}" 2>&1 )
./run_fault_tolerance_benchmark.sh: 줄 253: 1996836 죽었음               ( env PATH="${PATH}" HOME="${HOME}" HB_SEC="${HB_SEC}" TTL_SEC="${TTL_SEC}" MC_NS="${NS}" "${EXTRA_ENV[@]}" ./agent -ns "${NS}" -control-url "${CONTROL_URL}" -auth-token "${CONTROL_TOKEN}" -bootstrap "${BOOTSTRAP}" ${AGENT_FLAGS} >> "${LOG}" 2>&1 )
./run_fault_tolerance_benchmark.sh: 줄 253: 1996870 죽었음               ( env PATH="${PATH}" HOME="${HOME}" HB_SEC="${HB_SEC}" TTL_SEC="${TTL_SEC}" MC_NS="${NS}" "${EXTRA_ENV[@]}" ./agent -ns "${NS}" -control-url "${CONTROL_URL}" -auth-token "${CONTROL_TOKEN}" -bootstrap "${BOOTSTRAP}" ${AGENT_FLAGS} >> "${LOG}" 2>&1 )
==> Stopping remaining agents
==> Running metrics analyzer
# Benchmark Report (API-based)

- total tasks: 1000
- completed: 1000
- duplicate execution rate: 0.9000%  (target ≤ 1%)
- success_rate: 100.0000%
- status breakdown:
  - succeeded: 1000
- MTTR p50: 0.0005s  (target ≤ 120s)
- MTTR p95: 0.0051s  (target ≤ 180s)
- duplicate execution rate: 0.9000%  (target ≤ 1%)
- false recall rate: 0.0000%  (target ≤ 0.5%)
==> Truncating demand_jobs
TRUNCATE TABLE
==> DONE. See bench_artifacts/20251106-234459
