+ AGENTS=100
+ TASKS=1000
+ KILL_PERCENT=80
+ ./run_fault_tolerance_benchmark.sh
==> Checking docker image: alpine:latest
[INFO] using local image alpine:latest
### BENCH CONFIG
NS=mc
CONTROL_URL=http://127.0.0.1:8080
AGENTS=100
TASKS=1000
HB_SEC=5
TTL_SEC=20
KILL_PERCENT=80
RUNTIME_BEFORE_KILL=60s
POST_KILL_OBSERVE=300s
DOCKER_IMAGE=alpine:latest
Artifacts: bench_artifacts/20251107-002028
==> Starting control @ http://127.0.0.1:8080
==> Using bootstrap: /ip4/127.0.0.1/tcp/33607/p2p/12D3KooWQ7PZXvNTQSp8srDuog9pcnouutSWjXnykqeVKwLKnQbB
==> Spawning 100 agents
agents started: 100
==> Submitting 1000 tasks
  submitted: 100
  submitted: 200
  submitted: 300
  submitted: 400
  submitted: 500
  submitted: 600
  submitted: 700
  submitted: 800
  submitted: 900
  submitted: 1000
==> Sleeping 60s
==> SIGKILL 80/100 agents
./run_fault_tolerance_benchmark.sh: 줄 251: 2386068 죽었음               ( env PATH="${PATH}" HOME="${HOME}" HB_SEC="${HB_SEC}" TTL_SEC="${TTL_SEC}" MC_NS="${NS}" "${EXTRA_ENV[@]}" ./agent -ns "${NS}" -control-url "${CONTROL_URL}" -auth-token "${CONTROL_TOKEN}" -bootstrap "${BOOTSTRAP}" ${AGENT_FLAGS} >> "${LOG}" 2>&1 )
./run_fault_tolerance_benchmark.sh: 줄 251: 2386353 죽었음               ( env PATH="${PATH}" HOME="${HOME}" HB_SEC="${HB_SEC}" TTL_SEC="${TTL_SEC}" MC_NS="${NS}" "${EXTRA_ENV[@]}" ./agent -ns "${NS}" -control-url "${CONTROL_URL}" -auth-token "${CONTROL_TOKEN}" -bootstrap "${BOOTSTRAP}" ${AGENT_FLAGS} >> "${LOG}" 2>&1 )
./run_fault_tolerance_benchmark.sh: 줄 251: 2386453 죽었음               ( env PATH="${PATH}" HOME="${HOME}" HB_SEC="${HB_SEC}" TTL_SEC="${TTL_SEC}" MC_NS="${NS}" "${EXTRA_ENV[@]}" ./agent -ns "${NS}" -control-url "${CONTROL_URL}" -auth-token "${CONTROL_TOKEN}" -bootstrap "${BOOTSTRAP}" ${AGENT_FLAGS} >> "${LOG}" 2>&1 )
./run_fault_tolerance_benchmark.sh: 줄 251: 2386591 죽었음               ( env PATH="${PATH}" HOME="${HOME}" HB_SEC="${HB_SEC}" TTL_SEC="${TTL_SEC}" MC_NS="${NS}" "${EXTRA_ENV[@]}" ./agent -ns "${NS}" -control-url "${CONTROL_URL}" -auth-token "${CONTROL_TOKEN}" -bootstrap "${BOOTSTRAP}" ${AGENT_FLAGS} >> "${LOG}" 2>&1 )
./run_fault_tolerance_benchmark.sh: 줄 251: 2386709 죽었음               ( env PATH="${PATH}" HOME="${HOME}" HB_SEC="${HB_SEC}" TTL_SEC="${TTL_SEC}" MC_NS="${NS}" "${EXTRA_ENV[@]}" ./agent -ns "${NS}" -control-url "${CONTROL_URL}" -auth-token "${CONTROL_TOKEN}" -bootstrap "${BOOTSTRAP}" ${AGENT_FLAGS} >> "${LOG}" 2>&1 )
./run_fault_tolerance_benchmark.sh: 줄 251: 2387012 죽었음               ( env PATH="${PATH}" HOME="${HOME}" HB_SEC="${HB_SEC}" TTL_SEC="${TTL_SEC}" MC_NS="${NS}" "${EXTRA_ENV[@]}" ./agent -ns "${NS}" -control-url "${CONTROL_URL}" -auth-token "${CONTROL_TOKEN}" -bootstrap "${BOOTSTRAP}" ${AGENT_FLAGS} >> "${LOG}" 2>&1 )
./run_fault_tolerance_benchmark.sh: 줄 251: 2387023 죽었음               ( env PATH="${PATH}" HOME="${HOME}" HB_SEC="${HB_SEC}" TTL_SEC="${TTL_SEC}" MC_NS="${NS}" "${EXTRA_ENV[@]}" ./agent -ns "${NS}" -control-url "${CONTROL_URL}" -auth-token "${CONTROL_TOKEN}" -bootstrap "${BOOTSTRAP}" ${AGENT_FLAGS} >> "${LOG}" 2>&1 )
./run_fault_tolerance_benchmark.sh: 줄 251: 2387091 죽었음               ( env PATH="${PATH}" HOME="${HOME}" HB_SEC="${HB_SEC}" TTL_SEC="${TTL_SEC}" MC_NS="${NS}" "${EXTRA_ENV[@]}" ./agent -ns "${NS}" -control-url "${CONTROL_URL}" -auth-token "${CONTROL_TOKEN}" -bootstrap "${BOOTSTRAP}" ${AGENT_FLAGS} >> "${LOG}" 2>&1 )
./run_fault_tolerance_benchmark.sh: 줄 252: 2386721 죽었음               ( env PATH="${PATH}" HOME="${HOME}" HB_SEC="${HB_SEC}" TTL_SEC="${TTL_SEC}" MC_NS="${NS}" "${EXTRA_ENV[@]}" ./agent -ns "${NS}" -control-url "${CONTROL_URL}" -auth-token "${CONTROL_TOKEN}" -bootstrap "${BOOTSTRAP}" ${AGENT_FLAGS} >> "${LOG}" 2>&1 )
==> Observing 300s
./run_fault_tolerance_benchmark.sh: 줄 253: 2386048 죽었음               ( env PATH="${PATH}" HOME="${HOME}" HB_SEC="${HB_SEC}" TTL_SEC="${TTL_SEC}" MC_NS="${NS}" "${EXTRA_ENV[@]}" ./agent -ns "${NS}" -control-url "${CONTROL_URL}" -auth-token "${CONTROL_TOKEN}" -bootstrap "${BOOTSTRAP}" ${AGENT_FLAGS} >> "${LOG}" 2>&1 )
./run_fault_tolerance_benchmark.sh: 줄 253: 2386060 죽었음               ( env PATH="${PATH}" HOME="${HOME}" HB_SEC="${HB_SEC}" TTL_SEC="${TTL_SEC}" MC_NS="${NS}" "${EXTRA_ENV[@]}" ./agent -ns "${NS}" -control-url "${CONTROL_URL}" -auth-token "${CONTROL_TOKEN}" -bootstrap "${BOOTSTRAP}" ${AGENT_FLAGS} >> "${LOG}" 2>&1 )
./run_fault_tolerance_benchmark.sh: 줄 253: 2386079 죽었음               ( env PATH="${PATH}" HOME="${HOME}" HB_SEC="${HB_SEC}" TTL_SEC="${TTL_SEC}" MC_NS="${NS}" "${EXTRA_ENV[@]}" ./agent -ns "${NS}" -control-url "${CONTROL_URL}" -auth-token "${CONTROL_TOKEN}" -bootstrap "${BOOTSTRAP}" ${AGENT_FLAGS} >> "${LOG}" 2>&1 )
./run_fault_tolerance_benchmark.sh: 줄 253: 2386091 죽었음               ( env PATH="${PATH}" HOME="${HOME}" HB_SEC="${HB_SEC}" TTL_SEC="${TTL_SEC}" MC_NS="${NS}" "${EXTRA_ENV[@]}" ./agent -ns "${NS}" -control-url "${CONTROL_URL}" -auth-token "${CONTROL_TOKEN}" -bootstrap "${BOOTSTRAP}" ${AGENT_FLAGS} >> "${LOG}" 2>&1 )
./run_fault_tolerance_benchmark.sh: 줄 253: 2386104 죽었음               ( env PATH="${PATH}" HOME="${HOME}" HB_SEC="${HB_SEC}" TTL_SEC="${TTL_SEC}" MC_NS="${NS}" "${EXTRA_ENV[@]}" ./agent -ns "${NS}" -control-url "${CONTROL_URL}" -auth-token "${CONTROL_TOKEN}" -bootstrap "${BOOTSTRAP}" ${AGENT_FLAGS} >> "${LOG}" 2>&1 )
./run_fault_tolerance_benchmark.sh: 줄 253: 2386114 죽었음               ( env PATH="${PATH}" HOME="${HOME}" HB_SEC="${HB_SEC}" TTL_SEC="${TTL_SEC}" MC_NS="${NS}" "${EXTRA_ENV[@]}" ./agent -ns "${NS}" -control-url "${CONTROL_URL}" -auth-token "${CONTROL_TOKEN}" -bootstrap "${BOOTSTRAP}" ${AGENT_FLAGS} >> "${LOG}" 2>&1 )
./run_fault_tolerance_benchmark.sh: 줄 253: 2386123 죽었음               ( env PATH="${PATH}" HOME="${HOME}" HB_SEC="${HB_SEC}" TTL_SEC="${TTL_SEC}" MC_NS="${NS}" "${EXTRA_ENV[@]}" ./agent -ns "${NS}" -control-url "${CONTROL_URL}" -auth-token "${CONTROL_TOKEN}" -bootstrap "${BOOTSTRAP}" ${AGENT_FLAGS} >> "${LOG}" 2>&1 )
./run_fault_tolerance_benchmark.sh: 줄 253: 2386135 죽었음               ( env PATH="${PATH}" HOME="${HOME}" HB_SEC="${HB_SEC}" TTL_SEC="${TTL_SEC}" MC_NS="${NS}" "${EXTRA_ENV[@]}" ./agent -ns "${NS}" -control-url "${CONTROL_URL}" -auth-token "${CONTROL_TOKEN}" -bootstrap "${BOOTSTRAP}" ${AGENT_FLAGS} >> "${LOG}" 2>&1 )
./run_fault_tolerance_benchmark.sh: 줄 253: 2386145 죽었음               ( env PATH="${PATH}" HOME="${HOME}" HB_SEC="${HB_SEC}" TTL_SEC="${TTL_SEC}" MC_NS="${NS}" "${EXTRA_ENV[@]}" ./agent -ns "${NS}" -control-url "${CONTROL_URL}" -auth-token "${CONTROL_TOKEN}" -bootstrap "${BOOTSTRAP}" ${AGENT_FLAGS} >> "${LOG}" 2>&1 )
./run_fault_tolerance_benchmark.sh: 줄 253: 2386156 죽었음               ( env PATH="${PATH}" HOME="${HOME}" HB_SEC="${HB_SEC}" TTL_SEC="${TTL_SEC}" MC_NS="${NS}" "${EXTRA_ENV[@]}" ./agent -ns "${NS}" -control-url "${CONTROL_URL}" -auth-token "${CONTROL_TOKEN}" -bootstrap "${BOOTSTRAP}" ${AGENT_FLAGS} >> "${LOG}" 2>&1 )
./run_fault_tolerance_benchmark.sh: 줄 253: 2386177 죽었음               ( env PATH="${PATH}" HOME="${HOME}" HB_SEC="${HB_SEC}" TTL_SEC="${TTL_SEC}" MC_NS="${NS}" "${EXTRA_ENV[@]}" ./agent -ns "${NS}" -control-url "${CONTROL_URL}" -auth-token "${CONTROL_TOKEN}" -bootstrap "${BOOTSTRAP}" ${AGENT_FLAGS} >> "${LOG}" 2>&1 )
./run_fault_tolerance_benchmark.sh: 줄 253: 2386187 죽었음               ( env PATH="${PATH}" HOME="${HOME}" HB_SEC="${HB_SEC}" TTL_SEC="${TTL_SEC}" MC_NS="${NS}" "${EXTRA_ENV[@]}" ./agent -ns "${NS}" -control-url "${CONTROL_URL}" -auth-token "${CONTROL_TOKEN}" -bootstrap "${BOOTSTRAP}" ${AGENT_FLAGS} >> "${LOG}" 2>&1 )
./run_fault_tolerance_benchmark.sh: 줄 253: 2386198 죽었음               ( env PATH="${PATH}" HOME="${HOME}" HB_SEC="${HB_SEC}" TTL_SEC="${TTL_SEC}" MC_NS="${NS}" "${EXTRA_ENV[@]}" ./agent -ns "${NS}" -control-url "${CONTROL_URL}" -auth-token "${CONTROL_TOKEN}" -bootstrap "${BOOTSTRAP}" ${AGENT_FLAGS} >> "${LOG}" 2>&1 )
./run_fault_tolerance_benchmark.sh: 줄 253: 2386210 죽었음               ( env PATH="${PATH}" HOME="${HOME}" HB_SEC="${HB_SEC}" TTL_SEC="${TTL_SEC}" MC_NS="${NS}" "${EXTRA_ENV[@]}" ./agent -ns "${NS}" -control-url "${CONTROL_URL}" -auth-token "${CONTROL_TOKEN}" -bootstrap "${BOOTSTRAP}" ${AGENT_FLAGS} >> "${LOG}" 2>&1 )
./run_fault_tolerance_benchmark.sh: 줄 253: 2386221 죽었음               ( env PATH="${PATH}" HOME="${HOME}" HB_SEC="${HB_SEC}" TTL_SEC="${TTL_SEC}" MC_NS="${NS}" "${EXTRA_ENV[@]}" ./agent -ns "${NS}" -control-url "${CONTROL_URL}" -auth-token "${CONTROL_TOKEN}" -bootstrap "${BOOTSTRAP}" ${AGENT_FLAGS} >> "${LOG}" 2>&1 )
./run_fault_tolerance_benchmark.sh: 줄 253: 2386232 죽었음               ( env PATH="${PATH}" HOME="${HOME}" HB_SEC="${HB_SEC}" TTL_SEC="${TTL_SEC}" MC_NS="${NS}" "${EXTRA_ENV[@]}" ./agent -ns "${NS}" -control-url "${CONTROL_URL}" -auth-token "${CONTROL_TOKEN}" -bootstrap "${BOOTSTRAP}" ${AGENT_FLAGS} >> "${LOG}" 2>&1 )
./run_fault_tolerance_benchmark.sh: 줄 253: 2386242 죽었음               ( env PATH="${PATH}" HOME="${HOME}" HB_SEC="${HB_SEC}" TTL_SEC="${TTL_SEC}" MC_NS="${NS}" "${EXTRA_ENV[@]}" ./agent -ns "${NS}" -control-url "${CONTROL_URL}" -auth-token "${CONTROL_TOKEN}" -bootstrap "${BOOTSTRAP}" ${AGENT_FLAGS} >> "${LOG}" 2>&1 )
./run_fault_tolerance_benchmark.sh: 줄 253: 2386253 죽었음               ( env PATH="${PATH}" HOME="${HOME}" HB_SEC="${HB_SEC}" TTL_SEC="${TTL_SEC}" MC_NS="${NS}" "${EXTRA_ENV[@]}" ./agent -ns "${NS}" -control-url "${CONTROL_URL}" -auth-token "${CONTROL_TOKEN}" -bootstrap "${BOOTSTRAP}" ${AGENT_FLAGS} >> "${LOG}" 2>&1 )
./run_fault_tolerance_benchmark.sh: 줄 253: 2386278 죽었음               ( env PATH="${PATH}" HOME="${HOME}" HB_SEC="${HB_SEC}" TTL_SEC="${TTL_SEC}" MC_NS="${NS}" "${EXTRA_ENV[@]}" ./agent -ns "${NS}" -control-url "${CONTROL_URL}" -auth-token "${CONTROL_TOKEN}" -bootstrap "${BOOTSTRAP}" ${AGENT_FLAGS} >> "${LOG}" 2>&1 )
./run_fault_tolerance_benchmark.sh: 줄 253: 2386289 죽었음               ( env PATH="${PATH}" HOME="${HOME}" HB_SEC="${HB_SEC}" TTL_SEC="${TTL_SEC}" MC_NS="${NS}" "${EXTRA_ENV[@]}" ./agent -ns "${NS}" -control-url "${CONTROL_URL}" -auth-token "${CONTROL_TOKEN}" -bootstrap "${BOOTSTRAP}" ${AGENT_FLAGS} >> "${LOG}" 2>&1 )
./run_fault_tolerance_benchmark.sh: 줄 253: 2386300 죽었음               ( env PATH="${PATH}" HOME="${HOME}" HB_SEC="${HB_SEC}" TTL_SEC="${TTL_SEC}" MC_NS="${NS}" "${EXTRA_ENV[@]}" ./agent -ns "${NS}" -control-url "${CONTROL_URL}" -auth-token "${CONTROL_TOKEN}" -bootstrap "${BOOTSTRAP}" ${AGENT_FLAGS} >> "${LOG}" 2>&1 )
./run_fault_tolerance_benchmark.sh: 줄 253: 2386310 죽었음               ( env PATH="${PATH}" HOME="${HOME}" HB_SEC="${HB_SEC}" TTL_SEC="${TTL_SEC}" MC_NS="${NS}" "${EXTRA_ENV[@]}" ./agent -ns "${NS}" -control-url "${CONTROL_URL}" -auth-token "${CONTROL_TOKEN}" -bootstrap "${BOOTSTRAP}" ${AGENT_FLAGS} >> "${LOG}" 2>&1 )
./run_fault_tolerance_benchmark.sh: 줄 253: 2386333 죽었음               ( env PATH="${PATH}" HOME="${HOME}" HB_SEC="${HB_SEC}" TTL_SEC="${TTL_SEC}" MC_NS="${NS}" "${EXTRA_ENV[@]}" ./agent -ns "${NS}" -control-url "${CONTROL_URL}" -auth-token "${CONTROL_TOKEN}" -bootstrap "${BOOTSTRAP}" ${AGENT_FLAGS} >> "${LOG}" 2>&1 )
./run_fault_tolerance_benchmark.sh: 줄 253: 2386363 죽었음               ( env PATH="${PATH}" HOME="${HOME}" HB_SEC="${HB_SEC}" TTL_SEC="${TTL_SEC}" MC_NS="${NS}" "${EXTRA_ENV[@]}" ./agent -ns "${NS}" -control-url "${CONTROL_URL}" -auth-token "${CONTROL_TOKEN}" -bootstrap "${BOOTSTRAP}" ${AGENT_FLAGS} >> "${LOG}" 2>&1 )
./run_fault_tolerance_benchmark.sh: 줄 253: 2386398 죽었음               ( env PATH="${PATH}" HOME="${HOME}" HB_SEC="${HB_SEC}" TTL_SEC="${TTL_SEC}" MC_NS="${NS}" "${EXTRA_ENV[@]}" ./agent -ns "${NS}" -control-url "${CONTROL_URL}" -auth-token "${CONTROL_TOKEN}" -bootstrap "${BOOTSTRAP}" ${AGENT_FLAGS} >> "${LOG}" 2>&1 )
./run_fault_tolerance_benchmark.sh: 줄 253: 2386409 죽었음               ( env PATH="${PATH}" HOME="${HOME}" HB_SEC="${HB_SEC}" TTL_SEC="${TTL_SEC}" MC_NS="${NS}" "${EXTRA_ENV[@]}" ./agent -ns "${NS}" -control-url "${CONTROL_URL}" -auth-token "${CONTROL_TOKEN}" -bootstrap "${BOOTSTRAP}" ${AGENT_FLAGS} >> "${LOG}" 2>&1 )
./run_fault_tolerance_benchmark.sh: 줄 253: 2386419 죽었음               ( env PATH="${PATH}" HOME="${HOME}" HB_SEC="${HB_SEC}" TTL_SEC="${TTL_SEC}" MC_NS="${NS}" "${EXTRA_ENV[@]}" ./agent -ns "${NS}" -control-url "${CONTROL_URL}" -auth-token "${CONTROL_TOKEN}" -bootstrap "${BOOTSTRAP}" ${AGENT_FLAGS} >> "${LOG}" 2>&1 )
./run_fault_tolerance_benchmark.sh: 줄 253: 2386442 죽었음               ( env PATH="${PATH}" HOME="${HOME}" HB_SEC="${HB_SEC}" TTL_SEC="${TTL_SEC}" MC_NS="${NS}" "${EXTRA_ENV[@]}" ./agent -ns "${NS}" -control-url "${CONTROL_URL}" -auth-token "${CONTROL_TOKEN}" -bootstrap "${BOOTSTRAP}" ${AGENT_FLAGS} >> "${LOG}" 2>&1 )
./run_fault_tolerance_benchmark.sh: 줄 253: 2386462 죽었음               ( env PATH="${PATH}" HOME="${HOME}" HB_SEC="${HB_SEC}" TTL_SEC="${TTL_SEC}" MC_NS="${NS}" "${EXTRA_ENV[@]}" ./agent -ns "${NS}" -control-url "${CONTROL_URL}" -auth-token "${CONTROL_TOKEN}" -bootstrap "${BOOTSTRAP}" ${AGENT_FLAGS} >> "${LOG}" 2>&1 )
./run_fault_tolerance_benchmark.sh: 줄 253: 2386473 죽었음               ( env PATH="${PATH}" HOME="${HOME}" HB_SEC="${HB_SEC}" TTL_SEC="${TTL_SEC}" MC_NS="${NS}" "${EXTRA_ENV[@]}" ./agent -ns "${NS}" -control-url "${CONTROL_URL}" -auth-token "${CONTROL_TOKEN}" -bootstrap "${BOOTSTRAP}" ${AGENT_FLAGS} >> "${LOG}" 2>&1 )
./run_fault_tolerance_benchmark.sh: 줄 253: 2386496 죽었음               ( env PATH="${PATH}" HOME="${HOME}" HB_SEC="${HB_SEC}" TTL_SEC="${TTL_SEC}" MC_NS="${NS}" "${EXTRA_ENV[@]}" ./agent -ns "${NS}" -control-url "${CONTROL_URL}" -auth-token "${CONTROL_TOKEN}" -bootstrap "${BOOTSTRAP}" ${AGENT_FLAGS} >> "${LOG}" 2>&1 )
./run_fault_tolerance_benchmark.sh: 줄 253: 2386523 죽었음               ( env PATH="${PATH}" HOME="${HOME}" HB_SEC="${HB_SEC}" TTL_SEC="${TTL_SEC}" MC_NS="${NS}" "${EXTRA_ENV[@]}" ./agent -ns "${NS}" -control-url "${CONTROL_URL}" -auth-token "${CONTROL_TOKEN}" -bootstrap "${BOOTSTRAP}" ${AGENT_FLAGS} >> "${LOG}" 2>&1 )
./run_fault_tolerance_benchmark.sh: 줄 253: 2386534 죽었음               ( env PATH="${PATH}" HOME="${HOME}" HB_SEC="${HB_SEC}" TTL_SEC="${TTL_SEC}" MC_NS="${NS}" "${EXTRA_ENV[@]}" ./agent -ns "${NS}" -control-url "${CONTROL_URL}" -auth-token "${CONTROL_TOKEN}" -bootstrap "${BOOTSTRAP}" ${AGENT_FLAGS} >> "${LOG}" 2>&1 )
./run_fault_tolerance_benchmark.sh: 줄 253: 2386559 죽었음               ( env PATH="${PATH}" HOME="${HOME}" HB_SEC="${HB_SEC}" TTL_SEC="${TTL_SEC}" MC_NS="${NS}" "${EXTRA_ENV[@]}" ./agent -ns "${NS}" -control-url "${CONTROL_URL}" -auth-token "${CONTROL_TOKEN}" -bootstrap "${BOOTSTRAP}" ${AGENT_FLAGS} >> "${LOG}" 2>&1 )
./run_fault_tolerance_benchmark.sh: 줄 253: 2386568 죽었음               ( env PATH="${PATH}" HOME="${HOME}" HB_SEC="${HB_SEC}" TTL_SEC="${TTL_SEC}" MC_NS="${NS}" "${EXTRA_ENV[@]}" ./agent -ns "${NS}" -control-url "${CONTROL_URL}" -auth-token "${CONTROL_TOKEN}" -bootstrap "${BOOTSTRAP}" ${AGENT_FLAGS} >> "${LOG}" 2>&1 )
./run_fault_tolerance_benchmark.sh: 줄 253: 2386602 죽었음               ( env PATH="${PATH}" HOME="${HOME}" HB_SEC="${HB_SEC}" TTL_SEC="${TTL_SEC}" MC_NS="${NS}" "${EXTRA_ENV[@]}" ./agent -ns "${NS}" -control-url "${CONTROL_URL}" -auth-token "${CONTROL_TOKEN}" -bootstrap "${BOOTSTRAP}" ${AGENT_FLAGS} >> "${LOG}" 2>&1 )
./run_fault_tolerance_benchmark.sh: 줄 253: 2386614 죽었음               ( env PATH="${PATH}" HOME="${HOME}" HB_SEC="${HB_SEC}" TTL_SEC="${TTL_SEC}" MC_NS="${NS}" "${EXTRA_ENV[@]}" ./agent -ns "${NS}" -control-url "${CONTROL_URL}" -auth-token "${CONTROL_TOKEN}" -bootstrap "${BOOTSTRAP}" ${AGENT_FLAGS} >> "${LOG}" 2>&1 )
./run_fault_tolerance_benchmark.sh: 줄 253: 2386622 죽었음               ( env PATH="${PATH}" HOME="${HOME}" HB_SEC="${HB_SEC}" TTL_SEC="${TTL_SEC}" MC_NS="${NS}" "${EXTRA_ENV[@]}" ./agent -ns "${NS}" -control-url "${CONTROL_URL}" -auth-token "${CONTROL_TOKEN}" -bootstrap "${BOOTSTRAP}" ${AGENT_FLAGS} >> "${LOG}" 2>&1 )
./run_fault_tolerance_benchmark.sh: 줄 253: 2386633 죽었음               ( env PATH="${PATH}" HOME="${HOME}" HB_SEC="${HB_SEC}" TTL_SEC="${TTL_SEC}" MC_NS="${NS}" "${EXTRA_ENV[@]}" ./agent -ns "${NS}" -control-url "${CONTROL_URL}" -auth-token "${CONTROL_TOKEN}" -bootstrap "${BOOTSTRAP}" ${AGENT_FLAGS} >> "${LOG}" 2>&1 )
./run_fault_tolerance_benchmark.sh: 줄 253: 2386644 죽었음               ( env PATH="${PATH}" HOME="${HOME}" HB_SEC="${HB_SEC}" TTL_SEC="${TTL_SEC}" MC_NS="${NS}" "${EXTRA_ENV[@]}" ./agent -ns "${NS}" -control-url "${CONTROL_URL}" -auth-token "${CONTROL_TOKEN}" -bootstrap "${BOOTSTRAP}" ${AGENT_FLAGS} >> "${LOG}" 2>&1 )
./run_fault_tolerance_benchmark.sh: 줄 253: 2386656 죽었음               ( env PATH="${PATH}" HOME="${HOME}" HB_SEC="${HB_SEC}" TTL_SEC="${TTL_SEC}" MC_NS="${NS}" "${EXTRA_ENV[@]}" ./agent -ns "${NS}" -control-url "${CONTROL_URL}" -auth-token "${CONTROL_TOKEN}" -bootstrap "${BOOTSTRAP}" ${AGENT_FLAGS} >> "${LOG}" 2>&1 )
./run_fault_tolerance_benchmark.sh: 줄 253: 2386665 죽었음               ( env PATH="${PATH}" HOME="${HOME}" HB_SEC="${HB_SEC}" TTL_SEC="${TTL_SEC}" MC_NS="${NS}" "${EXTRA_ENV[@]}" ./agent -ns "${NS}" -control-url "${CONTROL_URL}" -auth-token "${CONTROL_TOKEN}" -bootstrap "${BOOTSTRAP}" ${AGENT_FLAGS} >> "${LOG}" 2>&1 )
./run_fault_tolerance_benchmark.sh: 줄 253: 2386689 죽었음               ( env PATH="${PATH}" HOME="${HOME}" HB_SEC="${HB_SEC}" TTL_SEC="${TTL_SEC}" MC_NS="${NS}" "${EXTRA_ENV[@]}" ./agent -ns "${NS}" -control-url "${CONTROL_URL}" -auth-token "${CONTROL_TOKEN}" -bootstrap "${BOOTSTRAP}" ${AGENT_FLAGS} >> "${LOG}" 2>&1 )
./run_fault_tolerance_benchmark.sh: 줄 253: 2386699 죽었음               ( env PATH="${PATH}" HOME="${HOME}" HB_SEC="${HB_SEC}" TTL_SEC="${TTL_SEC}" MC_NS="${NS}" "${EXTRA_ENV[@]}" ./agent -ns "${NS}" -control-url "${CONTROL_URL}" -auth-token "${CONTROL_TOKEN}" -bootstrap "${BOOTSTRAP}" ${AGENT_FLAGS} >> "${LOG}" 2>&1 )
./run_fault_tolerance_benchmark.sh: 줄 253: 2386755 죽었음               ( env PATH="${PATH}" HOME="${HOME}" HB_SEC="${HB_SEC}" TTL_SEC="${TTL_SEC}" MC_NS="${NS}" "${EXTRA_ENV[@]}" ./agent -ns "${NS}" -control-url "${CONTROL_URL}" -auth-token "${CONTROL_TOKEN}" -bootstrap "${BOOTSTRAP}" ${AGENT_FLAGS} >> "${LOG}" 2>&1 )
./run_fault_tolerance_benchmark.sh: 줄 253: 2386764 죽었음               ( env PATH="${PATH}" HOME="${HOME}" HB_SEC="${HB_SEC}" TTL_SEC="${TTL_SEC}" MC_NS="${NS}" "${EXTRA_ENV[@]}" ./agent -ns "${NS}" -control-url "${CONTROL_URL}" -auth-token "${CONTROL_TOKEN}" -bootstrap "${BOOTSTRAP}" ${AGENT_FLAGS} >> "${LOG}" 2>&1 )
./run_fault_tolerance_benchmark.sh: 줄 253: 2386776 죽었음               ( env PATH="${PATH}" HOME="${HOME}" HB_SEC="${HB_SEC}" TTL_SEC="${TTL_SEC}" MC_NS="${NS}" "${EXTRA_ENV[@]}" ./agent -ns "${NS}" -control-url "${CONTROL_URL}" -auth-token "${CONTROL_TOKEN}" -bootstrap "${BOOTSTRAP}" ${AGENT_FLAGS} >> "${LOG}" 2>&1 )
./run_fault_tolerance_benchmark.sh: 줄 253: 2386787 죽었음               ( env PATH="${PATH}" HOME="${HOME}" HB_SEC="${HB_SEC}" TTL_SEC="${TTL_SEC}" MC_NS="${NS}" "${EXTRA_ENV[@]}" ./agent -ns "${NS}" -control-url "${CONTROL_URL}" -auth-token "${CONTROL_TOKEN}" -bootstrap "${BOOTSTRAP}" ${AGENT_FLAGS} >> "${LOG}" 2>&1 )
./run_fault_tolerance_benchmark.sh: 줄 253: 2386799 죽었음               ( env PATH="${PATH}" HOME="${HOME}" HB_SEC="${HB_SEC}" TTL_SEC="${TTL_SEC}" MC_NS="${NS}" "${EXTRA_ENV[@]}" ./agent -ns "${NS}" -control-url "${CONTROL_URL}" -auth-token "${CONTROL_TOKEN}" -bootstrap "${BOOTSTRAP}" ${AGENT_FLAGS} >> "${LOG}" 2>&1 )
./run_fault_tolerance_benchmark.sh: 줄 253: 2386809 죽었음               ( env PATH="${PATH}" HOME="${HOME}" HB_SEC="${HB_SEC}" TTL_SEC="${TTL_SEC}" MC_NS="${NS}" "${EXTRA_ENV[@]}" ./agent -ns "${NS}" -control-url "${CONTROL_URL}" -auth-token "${CONTROL_TOKEN}" -bootstrap "${BOOTSTRAP}" ${AGENT_FLAGS} >> "${LOG}" 2>&1 )
./run_fault_tolerance_benchmark.sh: 줄 253: 2386831 죽었음               ( env PATH="${PATH}" HOME="${HOME}" HB_SEC="${HB_SEC}" TTL_SEC="${TTL_SEC}" MC_NS="${NS}" "${EXTRA_ENV[@]}" ./agent -ns "${NS}" -control-url "${CONTROL_URL}" -auth-token "${CONTROL_TOKEN}" -bootstrap "${BOOTSTRAP}" ${AGENT_FLAGS} >> "${LOG}" 2>&1 )
./run_fault_tolerance_benchmark.sh: 줄 253: 2386841 죽었음               ( env PATH="${PATH}" HOME="${HOME}" HB_SEC="${HB_SEC}" TTL_SEC="${TTL_SEC}" MC_NS="${NS}" "${EXTRA_ENV[@]}" ./agent -ns "${NS}" -control-url "${CONTROL_URL}" -auth-token "${CONTROL_TOKEN}" -bootstrap "${BOOTSTRAP}" ${AGENT_FLAGS} >> "${LOG}" 2>&1 )
./run_fault_tolerance_benchmark.sh: 줄 253: 2386851 죽었음               ( env PATH="${PATH}" HOME="${HOME}" HB_SEC="${HB_SEC}" TTL_SEC="${TTL_SEC}" MC_NS="${NS}" "${EXTRA_ENV[@]}" ./agent -ns "${NS}" -control-url "${CONTROL_URL}" -auth-token "${CONTROL_TOKEN}" -bootstrap "${BOOTSTRAP}" ${AGENT_FLAGS} >> "${LOG}" 2>&1 )
./run_fault_tolerance_benchmark.sh: 줄 253: 2386861 죽었음               ( env PATH="${PATH}" HOME="${HOME}" HB_SEC="${HB_SEC}" TTL_SEC="${TTL_SEC}" MC_NS="${NS}" "${EXTRA_ENV[@]}" ./agent -ns "${NS}" -control-url "${CONTROL_URL}" -auth-token "${CONTROL_TOKEN}" -bootstrap "${BOOTSTRAP}" ${AGENT_FLAGS} >> "${LOG}" 2>&1 )
./run_fault_tolerance_benchmark.sh: 줄 253: 2386872 죽었음               ( env PATH="${PATH}" HOME="${HOME}" HB_SEC="${HB_SEC}" TTL_SEC="${TTL_SEC}" MC_NS="${NS}" "${EXTRA_ENV[@]}" ./agent -ns "${NS}" -control-url "${CONTROL_URL}" -auth-token "${CONTROL_TOKEN}" -bootstrap "${BOOTSTRAP}" ${AGENT_FLAGS} >> "${LOG}" 2>&1 )
./run_fault_tolerance_benchmark.sh: 줄 253: 2386882 죽었음               ( env PATH="${PATH}" HOME="${HOME}" HB_SEC="${HB_SEC}" TTL_SEC="${TTL_SEC}" MC_NS="${NS}" "${EXTRA_ENV[@]}" ./agent -ns "${NS}" -control-url "${CONTROL_URL}" -auth-token "${CONTROL_TOKEN}" -bootstrap "${BOOTSTRAP}" ${AGENT_FLAGS} >> "${LOG}" 2>&1 )
./run_fault_tolerance_benchmark.sh: 줄 253: 2386893 죽었음               ( env PATH="${PATH}" HOME="${HOME}" HB_SEC="${HB_SEC}" TTL_SEC="${TTL_SEC}" MC_NS="${NS}" "${EXTRA_ENV[@]}" ./agent -ns "${NS}" -control-url "${CONTROL_URL}" -auth-token "${CONTROL_TOKEN}" -bootstrap "${BOOTSTRAP}" ${AGENT_FLAGS} >> "${LOG}" 2>&1 )
./run_fault_tolerance_benchmark.sh: 줄 253: 2386905 죽었음               ( env PATH="${PATH}" HOME="${HOME}" HB_SEC="${HB_SEC}" TTL_SEC="${TTL_SEC}" MC_NS="${NS}" "${EXTRA_ENV[@]}" ./agent -ns "${NS}" -control-url "${CONTROL_URL}" -auth-token "${CONTROL_TOKEN}" -bootstrap "${BOOTSTRAP}" ${AGENT_FLAGS} >> "${LOG}" 2>&1 )
./run_fault_tolerance_benchmark.sh: 줄 253: 2386917 죽었음               ( env PATH="${PATH}" HOME="${HOME}" HB_SEC="${HB_SEC}" TTL_SEC="${TTL_SEC}" MC_NS="${NS}" "${EXTRA_ENV[@]}" ./agent -ns "${NS}" -control-url "${CONTROL_URL}" -auth-token "${CONTROL_TOKEN}" -bootstrap "${BOOTSTRAP}" ${AGENT_FLAGS} >> "${LOG}" 2>&1 )
./run_fault_tolerance_benchmark.sh: 줄 253: 2386928 죽었음               ( env PATH="${PATH}" HOME="${HOME}" HB_SEC="${HB_SEC}" TTL_SEC="${TTL_SEC}" MC_NS="${NS}" "${EXTRA_ENV[@]}" ./agent -ns "${NS}" -control-url "${CONTROL_URL}" -auth-token "${CONTROL_TOKEN}" -bootstrap "${BOOTSTRAP}" ${AGENT_FLAGS} >> "${LOG}" 2>&1 )
./run_fault_tolerance_benchmark.sh: 줄 253: 2386937 죽었음               ( env PATH="${PATH}" HOME="${HOME}" HB_SEC="${HB_SEC}" TTL_SEC="${TTL_SEC}" MC_NS="${NS}" "${EXTRA_ENV[@]}" ./agent -ns "${NS}" -control-url "${CONTROL_URL}" -auth-token "${CONTROL_TOKEN}" -bootstrap "${BOOTSTRAP}" ${AGENT_FLAGS} >> "${LOG}" 2>&1 )
./run_fault_tolerance_benchmark.sh: 줄 253: 2386949 죽었음               ( env PATH="${PATH}" HOME="${HOME}" HB_SEC="${HB_SEC}" TTL_SEC="${TTL_SEC}" MC_NS="${NS}" "${EXTRA_ENV[@]}" ./agent -ns "${NS}" -control-url "${CONTROL_URL}" -auth-token "${CONTROL_TOKEN}" -bootstrap "${BOOTSTRAP}" ${AGENT_FLAGS} >> "${LOG}" 2>&1 )
./run_fault_tolerance_benchmark.sh: 줄 253: 2386961 죽었음               ( env PATH="${PATH}" HOME="${HOME}" HB_SEC="${HB_SEC}" TTL_SEC="${TTL_SEC}" MC_NS="${NS}" "${EXTRA_ENV[@]}" ./agent -ns "${NS}" -control-url "${CONTROL_URL}" -auth-token "${CONTROL_TOKEN}" -bootstrap "${BOOTSTRAP}" ${AGENT_FLAGS} >> "${LOG}" 2>&1 )
./run_fault_tolerance_benchmark.sh: 줄 253: 2386972 죽었음               ( env PATH="${PATH}" HOME="${HOME}" HB_SEC="${HB_SEC}" TTL_SEC="${TTL_SEC}" MC_NS="${NS}" "${EXTRA_ENV[@]}" ./agent -ns "${NS}" -control-url "${CONTROL_URL}" -auth-token "${CONTROL_TOKEN}" -bootstrap "${BOOTSTRAP}" ${AGENT_FLAGS} >> "${LOG}" 2>&1 )
./run_fault_tolerance_benchmark.sh: 줄 253: 2386986 죽었음               ( env PATH="${PATH}" HOME="${HOME}" HB_SEC="${HB_SEC}" TTL_SEC="${TTL_SEC}" MC_NS="${NS}" "${EXTRA_ENV[@]}" ./agent -ns "${NS}" -control-url "${CONTROL_URL}" -auth-token "${CONTROL_TOKEN}" -bootstrap "${BOOTSTRAP}" ${AGENT_FLAGS} >> "${LOG}" 2>&1 )
./run_fault_tolerance_benchmark.sh: 줄 253: 2387001 죽었음               ( env PATH="${PATH}" HOME="${HOME}" HB_SEC="${HB_SEC}" TTL_SEC="${TTL_SEC}" MC_NS="${NS}" "${EXTRA_ENV[@]}" ./agent -ns "${NS}" -control-url "${CONTROL_URL}" -auth-token "${CONTROL_TOKEN}" -bootstrap "${BOOTSTRAP}" ${AGENT_FLAGS} >> "${LOG}" 2>&1 )
./run_fault_tolerance_benchmark.sh: 줄 253: 2387031 죽었음               ( env PATH="${PATH}" HOME="${HOME}" HB_SEC="${HB_SEC}" TTL_SEC="${TTL_SEC}" MC_NS="${NS}" "${EXTRA_ENV[@]}" ./agent -ns "${NS}" -control-url "${CONTROL_URL}" -auth-token "${CONTROL_TOKEN}" -bootstrap "${BOOTSTRAP}" ${AGENT_FLAGS} >> "${LOG}" 2>&1 )
./run_fault_tolerance_benchmark.sh: 줄 253: 2387043 죽었음               ( env PATH="${PATH}" HOME="${HOME}" HB_SEC="${HB_SEC}" TTL_SEC="${TTL_SEC}" MC_NS="${NS}" "${EXTRA_ENV[@]}" ./agent -ns "${NS}" -control-url "${CONTROL_URL}" -auth-token "${CONTROL_TOKEN}" -bootstrap "${BOOTSTRAP}" ${AGENT_FLAGS} >> "${LOG}" 2>&1 )
./run_fault_tolerance_benchmark.sh: 줄 253: 2387052 죽었음               ( env PATH="${PATH}" HOME="${HOME}" HB_SEC="${HB_SEC}" TTL_SEC="${TTL_SEC}" MC_NS="${NS}" "${EXTRA_ENV[@]}" ./agent -ns "${NS}" -control-url "${CONTROL_URL}" -auth-token "${CONTROL_TOKEN}" -bootstrap "${BOOTSTRAP}" ${AGENT_FLAGS} >> "${LOG}" 2>&1 )
./run_fault_tolerance_benchmark.sh: 줄 253: 2387116 죽었음               ( env PATH="${PATH}" HOME="${HOME}" HB_SEC="${HB_SEC}" TTL_SEC="${TTL_SEC}" MC_NS="${NS}" "${EXTRA_ENV[@]}" ./agent -ns "${NS}" -control-url "${CONTROL_URL}" -auth-token "${CONTROL_TOKEN}" -bootstrap "${BOOTSTRAP}" ${AGENT_FLAGS} >> "${LOG}" 2>&1 )
./run_fault_tolerance_benchmark.sh: 줄 253: 2387127 죽었음               ( env PATH="${PATH}" HOME="${HOME}" HB_SEC="${HB_SEC}" TTL_SEC="${TTL_SEC}" MC_NS="${NS}" "${EXTRA_ENV[@]}" ./agent -ns "${NS}" -control-url "${CONTROL_URL}" -auth-token "${CONTROL_TOKEN}" -bootstrap "${BOOTSTRAP}" ${AGENT_FLAGS} >> "${LOG}" 2>&1 )
==> Stopping remaining agents
==> Running metrics analyzer
# Benchmark Report (API-based)

- total tasks: 1000
- completed: 1000
- success_rate: 100.0000%
- status breakdown:
  - succeeded: 1000
- MTTR p50: 0.0006s  (target ≤ 120s)
- MTTR p95: 25.2475s  (target ≤ 180s)
- duplicate execution rate: 8.0000%  (target ≤ 1%)
- false recall rate: 0.0000%  (target ≤ 0.5%)
==> Truncating demand_jobs
TRUNCATE TABLE
==> DONE. See bench_artifacts/20251107-002028
